2025-05-07 08:37:52,393 [INFO] Activator:176 - 


2025-05-07 08:37:52,397 [INFO] Activator:177 - !SESSION log4j initialized
2025-05-07 08:37:54,826 [INFO] LogOutputStream:77 - [STDOUT_REDIRECT] 
2025-05-07 08:37:56,601 [INFO] ApplicationProperties:184 - Using Application install path: C:\ST\STM32CubeIDE_1.18.0\STM32CubeIDE\plugins\com.st.stm32cube.common.mx_6.14.1.202504091515
2025-05-07 08:37:56,614 [INFO] DbMcusXml:78 - Set database path to: C:\ST\STM32CubeIDE_1.18.0\STM32CubeIDE\plugins\com.st.stm32cube.common.mx_6.14.1.202504091515\\db\/mcu/
2025-05-07 08:37:56,614 [INFO] ApiDb:274 - Set plugin database path to: C:\ST\STM32CubeIDE_1.18.0\STM32CubeIDE\plugins\com.st.stm32cube.common.mx_6.14.1.202504091515\\db\/plugins/boardmanager/
2025-05-07 08:37:56,614 [WARN] ApiDb:259 - Overriding images path with different value:  => C:\ST\STM32CubeIDE_1.18.0\STM32CubeIDE\plugins\com.st.stm32cube.common.mx_6.14.1.202504091515\\db\/plugins/mcufinder/images/
2025-05-07 08:37:56,622 [INFO] ApiDb:250 - Set database path to: C:\Users\akshi\.stmcufinder\plugins\mcufinder//mcu/
2025-05-07 08:37:56,623 [INFO] DbMcusAds:125 - Set database path to: C:\Users\akshi\.stmcufinder\plugins\mcufinder//mcu/
2025-05-07 08:37:56,624 [INFO] CrossReferenceDbSqlite:203 - Set database path to: C:\Users\akshi\.stmcufinder\plugins\mcufinder//mcu/cs/
2025-05-07 08:37:56,703 [INFO] RulesReader:64 - Compatibility file has been processed (302 Rules)
2025-05-07 08:37:56,778 [INFO] DbMcusXml:78 - Set database path to: C:\ST\STM32CubeIDE_1.18.0\STM32CubeIDE\plugins\com.st.stm32cube.common.mx_6.14.1.202504091515\\db\/mcu/
2025-05-07 08:37:56,779 [INFO] ApiDb:274 - Set plugin database path to: C:\ST\STM32CubeIDE_1.18.0\STM32CubeIDE\plugins\com.st.stm32cube.common.mx_6.14.1.202504091515\\db\/plugins/boardmanager/
2025-05-07 08:37:56,779 [INFO] ApiDb:261 - Set plugin images path to: C:\ST\STM32CubeIDE_1.18.0\STM32CubeIDE\plugins\com.st.stm32cube.common.mx_6.14.1.202504091515\\db\/plugins/mcufinder/images/
2025-05-07 08:37:56,779 [WARN] DbFile:41 - Overriding database path with different value: C:\Users\akshi\.stmcufinder\plugins\mcufinder/ => C:\Users\akshi\.stmcufinder\plugins\mcufinder
2025-05-07 08:37:56,779 [INFO] ApiDb:250 - Set database path to: C:\Users\akshi\.stmcufinder\plugins\mcufinder//mcu/
2025-05-07 08:37:56,779 [WARN] DbFile:41 - Overriding database path with different value: C:\Users\akshi\.stmcufinder\plugins\mcufinder/ => C:\Users\akshi\.stmcufinder\plugins\mcufinder
2025-05-07 08:37:56,779 [INFO] DbMcusAds:125 - Set database path to: C:\Users\akshi\.stmcufinder\plugins\mcufinder//mcu/
2025-05-07 08:37:56,779 [WARN] DbFile:41 - Overriding database path with different value: C:\Users\akshi\.stmcufinder\plugins\mcufinder/ => C:\Users\akshi\.stmcufinder\plugins\mcufinder
2025-05-07 08:37:56,779 [WARN] DbFile:41 - Overriding database path with different value: C:\Users\akshi\.stmcufinder\plugins\mcufinder/ => C:\Users\akshi\.stmcufinder\plugins\mcufinder
2025-05-07 08:37:56,779 [INFO] CrossReferenceDbSqlite:203 - Set database path to: C:\Users\akshi\.stmcufinder\plugins\mcufinder//mcu/cs/
2025-05-07 08:37:56,835 [INFO] MainPanel:272 - HeapMemory: 268435456
2025-05-07 08:37:56,939 [INFO] DbMcusXml:78 - Set database path to: C:\ST\STM32CubeIDE_1.18.0\STM32CubeIDE\plugins\com.st.stm32cube.common.mx_6.14.1.202504091515\\db\/mcu/
2025-05-07 08:37:56,939 [INFO] ApiDb:274 - Set plugin database path to: C:\ST\STM32CubeIDE_1.18.0\STM32CubeIDE\plugins\com.st.stm32cube.common.mx_6.14.1.202504091515\\db\/plugins/boardmanager/
2025-05-07 08:37:56,939 [INFO] ApiDb:261 - Set plugin images path to: C:\ST\STM32CubeIDE_1.18.0\STM32CubeIDE\plugins\com.st.stm32cube.common.mx_6.14.1.202504091515\\db\/plugins/mcufinder/images/
2025-05-07 08:37:56,939 [WARN] DbFile:41 - Overriding database path with different value: C:\Users\akshi\.stmcufinder\plugins\mcufinder/ => C:\Users\akshi\.stmcufinder\plugins\mcufinder
2025-05-07 08:37:56,939 [INFO] ApiDb:250 - Set database path to: C:\Users\akshi\.stmcufinder\plugins\mcufinder//mcu/
2025-05-07 08:37:56,939 [WARN] DbFile:41 - Overriding database path with different value: C:\Users\akshi\.stmcufinder\plugins\mcufinder/ => C:\Users\akshi\.stmcufinder\plugins\mcufinder
2025-05-07 08:37:56,940 [INFO] DbMcusAds:125 - Set database path to: C:\Users\akshi\.stmcufinder\plugins\mcufinder//mcu/
2025-05-07 08:37:56,940 [WARN] DbFile:41 - Overriding database path with different value: C:\Users\akshi\.stmcufinder\plugins\mcufinder/ => C:\Users\akshi\.stmcufinder\plugins\mcufinder
2025-05-07 08:37:56,940 [WARN] DbFile:41 - Overriding database path with different value: C:\Users\akshi\.stmcufinder\plugins\mcufinder/ => C:\Users\akshi\.stmcufinder\plugins\mcufinder
2025-05-07 08:37:56,940 [INFO] CrossReferenceDbSqlite:203 - Set database path to: C:\Users\akshi\.stmcufinder\plugins\mcufinder//mcu/cs/
2025-05-07 08:37:56,954 [INFO] ApplicationProperties:184 - Using Application install path: C:\ST\STM32CubeIDE_1.18.0\STM32CubeIDE\plugins\com.st.stm32cube.common.mx_6.14.1.202504091515
2025-05-07 08:37:56,955 [INFO] PluginManage:196 - Search for loadable plugins [exclusion list=, ]
2025-05-07 08:37:56,957 [INFO] PluginManage:310 - Check plugin analytics
2025-05-07 08:37:57,076 [INFO] AnalyticsPlugin:253 - Accepted Software Licenses: 
2025-05-07 08:37:57,076 [INFO] AnalyticsPlugin:255 - Accepted CMSIS Pack Licenses: 
2025-05-07 08:37:57,076 [INFO] AnalyticsPlugin:257 - Accepted Firmware Licenses: FW.L4.1.18.0
2025-05-07 08:37:57,078 [INFO] PluginManage:359 - Loaded plugin analytics (category:tool,tabindex:-1)
2025-05-07 08:37:57,078 [INFO] PluginManage:310 - Check plugin cadmodel
2025-05-07 08:37:57,083 [INFO] CADModel:105 - Init CAD model plugin
2025-05-07 08:37:57,083 [INFO] PluginManage:359 - Loaded plugin cadmodel (category:power,tabindex:5)
2025-05-07 08:37:57,083 [INFO] PluginManage:310 - Check plugin clock
2025-05-07 08:37:57,090 [INFO] PluginManage:359 - Loaded plugin clock (category:base,tabindex:2)
2025-05-07 08:37:57,090 [INFO] PluginManage:310 - Check plugin ddr
2025-05-07 08:37:57,091 [INFO] PluginManage:359 - Loaded plugin ddr (category:tool,tabindex:6)
2025-05-07 08:37:57,092 [INFO] PluginManage:310 - Check plugin filemanager
2025-05-07 08:37:57,204 [INFO] PluginManage:359 - Loaded plugin filemanager (category:base,tabindex:10)
2025-05-07 08:37:57,204 [INFO] PluginManage:310 - Check plugin ipmanager
2025-05-07 08:37:57,211 [INFO] PluginManage:359 - Loaded plugin ipmanager (category:base,tabindex:5)
2025-05-07 08:37:57,211 [INFO] PluginManage:310 - Check plugin lpbam
2025-05-07 08:37:57,217 [INFO] PluginManage:359 - Loaded plugin lpbam (category:base,tabindex:0)
2025-05-07 08:37:57,217 [INFO] PluginManage:310 - Check plugin memorymap
2025-05-07 08:37:57,230 [INFO] PluginManage:359 - Loaded plugin memorymap (category:base,tabindex:4)
2025-05-07 08:37:57,231 [INFO] PluginManage:310 - Check plugin pinoutandconfiguration
2025-05-07 08:37:57,240 [INFO] PluginManage:359 - Loaded plugin pinoutandconfiguration (category:base,tabindex:1)
2025-05-07 08:37:57,240 [INFO] PluginManage:310 - Check plugin pinoutconfig
2025-05-07 08:37:57,347 [WARN] SupportedApi:132 - Cannot load RTOS API schema: s4s-elt-must-match.1: The content of 'definitions' must match (annotation?, (simpleType | complexType)?, (unique | key | keyref)*)). A problem was found starting at: attribute.
2025-05-07 08:37:57,443 [INFO] PluginManage:359 - Loaded plugin pinoutconfig (category:base,tabindex:0)
2025-05-07 08:37:57,443 [INFO] PluginManage:310 - Check plugin power
2025-05-07 08:37:57,452 [INFO] PluginManage:359 - Loaded plugin power (category:power,tabindex:4)
2025-05-07 08:37:57,452 [INFO] PluginManage:310 - Check plugin projectmanager
2025-05-07 08:37:57,469 [INFO] PluginManage:359 - Loaded plugin projectmanager (category:projectmanager,tabindex:4)
2025-05-07 08:37:57,469 [INFO] PluginManage:310 - Check plugin rif
2025-05-07 08:37:57,477 [INFO] PluginManage:359 - Loaded plugin rif (category:base,tabindex:3)
2025-05-07 08:37:57,478 [INFO] PluginManage:310 - Check plugin thirdparty
2025-05-07 08:37:57,601 [INFO] PluginManage:359 - Loaded plugin thirdparty (category:base,tabindex:-1)
2025-05-07 08:37:57,601 [WARN] IntegrityCheckThread:84 - waiting for thirdparty lock release [integrity check]
2025-05-07 08:37:57,601 [INFO] PluginManage:310 - Check plugin tools
2025-05-07 08:37:57,601 [INFO] IntegrityCheckThread:86 - entering critical section [integrity check]
2025-05-07 08:37:57,602 [INFO] ThirdPartyUpdaterWithRetryManager:70 - Updater plugin not ready yet. [1/15]
2025-05-07 08:37:57,603 [INFO] PluginManage:359 - Loaded plugin tools (category:base,tabindex:7)
2025-05-07 08:37:57,604 [INFO] PluginManage:310 - Check plugin tutovideos
2025-05-07 08:37:57,723 [INFO] PluginManage:359 - Loaded plugin tutovideos (category:base,tabindex:-1)
2025-05-07 08:37:57,723 [INFO] PluginManage:310 - Check plugin updater
2025-05-07 08:37:57,740 [INFO] PluginManage:359 - Loaded plugin updater (category:base,tabindex:12)
2025-05-07 08:37:57,741 [INFO] PluginManage:310 - Check plugin userauth
2025-05-07 08:37:57,744 [INFO] UserAuth:118 - Init User Auth plugin
2025-05-07 08:37:57,745 [INFO] PluginManage:359 - Loaded plugin userauth (category:base,tabindex:14)
2025-05-07 08:37:57,746 [INFO] PluginManage:283 - PluginManage : Loaded plugins [18]
2025-05-07 08:37:57,924 [INFO] PinOutPanel:1589 - setPackage(No Configuration,No Configuration)
2025-05-07 08:37:57,987 [INFO] CADModel:165 - CPN selected for project level
2025-05-07 08:37:57,987 [INFO] CADModel:114 - Register for checkConnection events
2025-05-07 08:37:58,007 [INFO] IPUIPlugin:80 - create IPUIPlugin
2025-05-07 08:37:58,007 [INFO] PluginManager:220 - loadIPPluginJar : add adc
2025-05-07 08:37:58,009 [INFO] IPUIPlugin:80 - create IPUIPlugin
2025-05-07 08:37:58,009 [INFO] PluginManager:220 - loadIPPluginJar : add aes
2025-05-07 08:37:58,011 [INFO] IPUIPlugin:80 - create IPUIPlugin
2025-05-07 08:37:58,011 [INFO] PluginManager:220 - loadIPPluginJar : add can
2025-05-07 08:37:58,013 [INFO] IPUIPlugin:80 - create IPUIPlugin
2025-05-07 08:37:58,013 [INFO] PluginManager:220 - loadIPPluginJar : add comp
2025-05-07 08:37:58,015 [INFO] IPUIPlugin:80 - create IPUIPlugin
2025-05-07 08:37:58,015 [INFO] PluginManager:220 - loadIPPluginJar : add cryp
2025-05-07 08:37:58,019 [INFO] IPUIPlugin:80 - create IPUIPlugin
2025-05-07 08:37:58,019 [INFO] PluginManager:220 - loadIPPluginJar : add ddr_ctrl_phy
2025-05-07 08:37:58,021 [INFO] IPUIPlugin:80 - create IPUIPlugin
2025-05-07 08:37:58,021 [INFO] PluginManager:220 - loadIPPluginJar : add dfsdm
2025-05-07 08:37:58,027 [INFO] IPUIPlugin:80 - create IPUIPlugin
2025-05-07 08:37:58,027 [INFO] PluginManager:220 - loadIPPluginJar : add dma
2025-05-07 08:37:58,030 [INFO] IPUIPlugin:80 - create IPUIPlugin
2025-05-07 08:37:58,031 [INFO] PluginManager:220 - loadIPPluginJar : add dma3
2025-05-07 08:37:58,033 [INFO] IPUIPlugin:80 - create IPUIPlugin
2025-05-07 08:37:58,033 [INFO] PluginManager:220 - loadIPPluginJar : add extmemmanager
2025-05-07 08:37:58,035 [INFO] IPUIPlugin:80 - create IPUIPlugin
2025-05-07 08:37:58,035 [INFO] PluginManager:220 - loadIPPluginJar : add fatfs
2025-05-07 08:37:58,038 [INFO] IPUIPlugin:80 - create IPUIPlugin
2025-05-07 08:37:58,038 [INFO] PluginManager:220 - loadIPPluginJar : add fmc
2025-05-07 08:37:58,044 [INFO] IPUIPlugin:80 - create IPUIPlugin
2025-05-07 08:37:58,044 [INFO] PluginManager:220 - loadIPPluginJar : add freertos
2025-05-07 08:37:58,045 [INFO] IPUIPlugin:80 - create IPUIPlugin
2025-05-07 08:37:58,046 [INFO] PluginManager:220 - loadIPPluginJar : add genericplugin
2025-05-07 08:37:58,047 [INFO] IPUIPlugin:80 - create IPUIPlugin
2025-05-07 08:37:58,048 [INFO] PluginManager:220 - loadIPPluginJar : add gfxmmu
2025-05-07 08:37:58,051 [INFO] IPUIPlugin:80 - create IPUIPlugin
2025-05-07 08:37:58,051 [INFO] PluginManager:220 - loadIPPluginJar : add gic
2025-05-07 08:37:58,053 [INFO] IPUIPlugin:80 - create IPUIPlugin
2025-05-07 08:37:58,054 [INFO] PluginManager:220 - loadIPPluginJar : add gpio
2025-05-07 08:37:58,056 [INFO] IPUIPlugin:80 - create IPUIPlugin
2025-05-07 08:37:58,056 [INFO] PluginManager:220 - loadIPPluginJar : add gtzc
2025-05-07 08:37:58,059 [INFO] IPUIPlugin:80 - create IPUIPlugin
2025-05-07 08:37:58,059 [INFO] PluginManager:220 - loadIPPluginJar : add hash
2025-05-07 08:37:58,062 [INFO] IPUIPlugin:80 - create IPUIPlugin
2025-05-07 08:37:58,062 [INFO] PluginManager:220 - loadIPPluginJar : add i2c
2025-05-07 08:37:58,064 [INFO] IPUIPlugin:80 - create IPUIPlugin
2025-05-07 08:37:58,064 [INFO] PluginManager:220 - loadIPPluginJar : add i2s
2025-05-07 08:37:58,066 [INFO] IPUIPlugin:80 - create IPUIPlugin
2025-05-07 08:37:58,066 [INFO] PluginManager:220 - loadIPPluginJar : add i3c
2025-05-07 08:37:58,068 [INFO] IPUIPlugin:80 - create IPUIPlugin
2025-05-07 08:37:58,068 [INFO] PluginManager:220 - loadIPPluginJar : add ipddr
2025-05-07 08:37:58,072 [INFO] IPUIPlugin:80 - create IPUIPlugin
2025-05-07 08:37:58,072 [INFO] PluginManager:220 - loadIPPluginJar : add linkedlist
2025-05-07 08:37:58,075 [INFO] IPUIPlugin:80 - create IPUIPlugin
2025-05-07 08:37:58,075 [INFO] PluginManager:220 - loadIPPluginJar : add lorawan
2025-05-07 08:37:58,076 [INFO] IPUIPlugin:80 - create IPUIPlugin
2025-05-07 08:37:58,077 [INFO] PluginManager:220 - loadIPPluginJar : add ltdc
2025-05-07 08:37:58,082 [INFO] IPUIPlugin:80 - create IPUIPlugin
2025-05-07 08:37:58,082 [INFO] PluginManager:220 - loadIPPluginJar : add mdma
2025-05-07 08:37:58,085 [INFO] IPUIPlugin:80 - create IPUIPlugin
2025-05-07 08:37:58,085 [INFO] PluginManager:220 - loadIPPluginJar : add nvic
2025-05-07 08:37:58,087 [INFO] IPUIPlugin:80 - create IPUIPlugin
2025-05-07 08:37:58,087 [INFO] PluginManager:220 - loadIPPluginJar : add opamp
2025-05-07 08:37:58,089 [INFO] IPUIPlugin:80 - create IPUIPlugin
2025-05-07 08:37:58,089 [INFO] PluginManager:220 - loadIPPluginJar : add openamp
2025-05-07 08:37:58,092 [INFO] IPUIPlugin:80 - create IPUIPlugin
2025-05-07 08:37:58,092 [INFO] PluginManager:220 - loadIPPluginJar : add pdm2pcm
2025-05-07 08:37:58,096 [INFO] IPUIPlugin:80 - create IPUIPlugin
2025-05-07 08:37:58,097 [INFO] PluginManager:220 - loadIPPluginJar : add plateformsettings
2025-05-07 08:37:58,099 [INFO] IPUIPlugin:80 - create IPUIPlugin
2025-05-07 08:37:58,099 [INFO] PluginManager:220 - loadIPPluginJar : add quadspi
2025-05-07 08:37:58,100 [INFO] IPUIPlugin:80 - create IPUIPlugin
2025-05-07 08:37:58,101 [INFO] PluginManager:220 - loadIPPluginJar : add radio
2025-05-07 08:37:58,105 [INFO] IPUIPlugin:80 - create IPUIPlugin
2025-05-07 08:37:58,105 [INFO] PluginManager:220 - loadIPPluginJar : add resmgrutility
2025-05-07 08:37:58,107 [INFO] IPUIPlugin:80 - create IPUIPlugin
2025-05-07 08:37:58,107 [INFO] PluginManager:220 - loadIPPluginJar : add sai
2025-05-07 08:37:58,109 [INFO] IPUIPlugin:80 - create IPUIPlugin
2025-05-07 08:37:58,109 [INFO] PluginManager:220 - loadIPPluginJar : add spi
2025-05-07 08:37:58,112 [INFO] IPUIPlugin:80 - create IPUIPlugin
2025-05-07 08:37:58,113 [INFO] PluginManager:220 - loadIPPluginJar : add stm32_wpan
2025-05-07 08:37:58,114 [INFO] IPUIPlugin:80 - create IPUIPlugin
2025-05-07 08:37:58,114 [INFO] PluginManager:220 - loadIPPluginJar : add tim
2025-05-07 08:37:58,116 [INFO] IPUIPlugin:80 - create IPUIPlugin
2025-05-07 08:37:58,116 [INFO] PluginManager:220 - loadIPPluginJar : add touchsensing
2025-05-07 08:37:58,117 [INFO] IPUIPlugin:80 - create IPUIPlugin
2025-05-07 08:37:58,117 [INFO] PluginManager:220 - loadIPPluginJar : add tracer_emb
2025-05-07 08:37:58,119 [INFO] IPUIPlugin:80 - create IPUIPlugin
2025-05-07 08:37:58,119 [INFO] PluginManager:220 - loadIPPluginJar : add ts
2025-05-07 08:37:58,120 [INFO] IPUIPlugin:80 - create IPUIPlugin
2025-05-07 08:37:58,120 [INFO] PluginManager:220 - loadIPPluginJar : add tsc
2025-05-07 08:37:58,121 [INFO] IPUIPlugin:80 - create IPUIPlugin
2025-05-07 08:37:58,121 [INFO] PluginManager:220 - loadIPPluginJar : add ucpd
2025-05-07 08:37:58,123 [INFO] IPUIPlugin:80 - create IPUIPlugin
2025-05-07 08:37:58,123 [INFO] PluginManager:220 - loadIPPluginJar : add usart
2025-05-07 08:37:58,125 [INFO] IPUIPlugin:80 - create IPUIPlugin
2025-05-07 08:37:58,125 [INFO] PluginManager:220 - loadIPPluginJar : add usbx
2025-05-07 08:37:58,241 [FATAL] Updater:351 - Updater called before beeing initialized
2025-05-07 08:37:58,261 [INFO] RulesReader:64 - Compatibility file has been processed (302 Rules)
2025-05-07 08:37:58,271 [INFO] RulesReader:64 - Compatibility file has been processed (302 Rules)
2025-05-07 08:37:58,283 [INFO] CADModel:165 - CPN selected for project level
2025-05-07 08:37:58,283 [INFO] CADModel:114 - Register for checkConnection events
2025-05-07 08:37:58,283 [FATAL] Updater:351 - Updater called before beeing initialized
2025-05-07 08:37:58,283 [ERROR] CADModel:125 - Updater not yet initialized, retry later 
2025-05-07 08:37:58,423 [FATAL] Updater:351 - Updater called before beeing initialized
2025-05-07 08:37:58,425 [INFO] CADModel:165 - CPN selected for project level
2025-05-07 08:37:58,425 [INFO] CADModel:114 - Register for checkConnection events
2025-05-07 08:37:58,425 [FATAL] Updater:351 - Updater called before beeing initialized
2025-05-07 08:37:58,425 [ERROR] CADModel:125 - Updater not yet initialized, retry later 
2025-05-07 08:37:58,428 [FATAL] Updater:351 - Updater called before beeing initialized
2025-05-07 08:37:58,502 [FATAL] Updater:351 - Updater called before beeing initialized
2025-05-07 08:37:58,506 [INFO] DbMcusAds:53 - JSON generation date=Thu Mar 06 07:54:22 MST 2025 (1741272862078)
2025-05-07 08:37:58,506 [FATAL] Updater:351 - Updater called before beeing initialized
2025-05-07 08:37:58,532 [WARN] DetailPanel:346 - Failed to get advertising image, set to default
2025-05-07 08:37:58,672 [FATAL] Updater:351 - Updater called before beeing initialized
2025-05-07 08:37:58,674 [FATAL] Updater:351 - Updater called before beeing initialized
2025-05-07 08:37:58,674 [FATAL] Updater:351 - Updater called before beeing initialized
2025-05-07 08:37:58,674 [WARN] DetailPanel:346 - Failed to get advertising image, set to default
2025-05-07 08:37:58,675 [FATAL] Updater:351 - Updater called before beeing initialized
2025-05-07 08:37:58,712 [ERROR] Updater:1198 - MainUpdater not yet initialized. External WinMGr cannot be set.
2025-05-07 08:37:58,714 [INFO] Updater:1134 - Updater Version found : 6.14.1
2025-05-07 08:37:58,728 [INFO] ApplicationProperties:184 - Using Application install path: C:\ST\STM32CubeIDE_1.18.0\STM32CubeIDE\plugins\com.st.stm32cube.common.mx_6.14.1.202504091515
2025-05-07 08:38:00,296 [ERROR] LogOutputStream:75 - [STDERR_REDIRECT] May 07, 2025 8:38:00 AM java.util.prefs.WindowsPreferences <init>
2025-05-07 08:38:00,296 [ERROR] LogOutputStream:75 - [STDERR_REDIRECT] WARNING: Could not open/create prefs root node Software\JavaSoft\Prefs at root 0xffffffff80000002. Windows RegCreateKeyEx(...) returned error code 5.
2025-05-07 08:38:00,296 [ERROR] LogOutputStream:75 - [STDERR_REDIRECT] 
2025-05-07 08:38:00,603 [INFO] ThirdPartyUpdaterWithRetryManager:70 - Updater plugin not ready yet. [2/15]
2025-05-07 08:38:00,677 [INFO] MainUpdater:2872 - connection check result : 10
2025-05-07 08:38:00,678 [INFO] MainUpdater:3566 - Updater definition file requires update
2025-05-07 08:38:00,678 [INFO] MainUpdater:289 - Updater Check For Update Now.
2025-05-07 08:38:00,678 [INFO] MicroXplorer:498 - Change Database Version : DB.6.0.141
2025-05-07 08:38:00,682 [INFO] McuFinderGlobals:63 - Set McuFinder mode to 2 (CubeIDE integrated)
2025-05-07 08:38:00,683 [INFO] UserAuth:484 - Internet connection configuration mode: 1
2025-05-07 08:38:00,696 [INFO] JxBrowserEngine:152 - Initiate JxBrowser Engine with user profile folder
2025-05-07 08:38:00,829 [INFO] ServerAccessManage:473 - Download File updaters.zip
2025-05-07 08:38:00,897 [INFO] FileExtend:242 - Unzip File : updaters.zip
2025-05-07 08:38:00,897 [INFO] FileExtend:257 - Standard Zip Deflate
2025-05-07 08:38:01,095 [INFO] ServerAccessManage:473 - Download File PacksControlFlags.xml
2025-05-07 08:38:01,162 [INFO] ServerAccessManage:473 - Download File cubemx.pidx
2025-05-07 08:38:01,581 [INFO] ServerAccessManage:473 - Download File STMicroelectronics.X-CUBE-FREERTOS.pdsc
2025-05-07 08:38:01,967 [INFO] ServerAccessManage:473 - Download File STMicroelectronics.X-CUBE-NFC7.pdsc
2025-05-07 08:38:02,202 [INFO] ServerAccessManage:473 - Download File STMicroelectronics.X-CUBE-TOF1.pdsc
2025-05-07 08:38:02,386 [INFO] WebApp:169 - Instantiating new browser for Auth
2025-05-07 08:38:02,937 [INFO] WebApp:463 - Apply proxy settings
2025-05-07 08:38:02,937 [INFO] WebApp:548 - Chromium requires no authentication
2025-05-07 08:38:02,939 [ERROR] ServerAccessManage:1089 - Problem, file not found on Server
2025-05-07 08:38:02,946 [INFO] WebApp:491 - Direct internet connection detected
2025-05-07 08:38:02,966 [INFO] WebApp:894 - Register for checkConnection events
2025-05-07 08:38:02,967 [INFO] WebApp:463 - Apply proxy settings
2025-05-07 08:38:02,967 [INFO] WebApp:548 - Chromium requires no authentication
2025-05-07 08:38:02,967 [INFO] WebApp:491 - Direct internet connection detected
2025-05-07 08:38:03,151 [INFO] ServerAccessManage:473 - Download File STMicroelectronics.X-CUBE-WB05N.pdsc
2025-05-07 08:38:03,181 [INFO] WebApp:191 - Connection restablished
2025-05-07 08:38:03,277 [INFO] WebApp:225 - Starting web application
2025-05-07 08:38:03,277 [INFO] WebApp:593 - Web application path used C:\ST\STM32CubeIDE_1.18.0\STM32CubeIDE\plugins\com.st.stm32cube.common.mx_6.14.1.202504091515\db\plugins\mcufinder\reactClient1\index.html
2025-05-07 08:38:03,438 [INFO] UserAuth:484 - Internet connection configuration mode: 1
2025-05-07 08:38:03,561 [ERROR] ServerAccessManage:1172 - Problem during Server Connection :  IO error PKIX path building failed: sun.security.provider.certpath.SunCertPathBuilderException: unable to find valid certification path to requested target
2025-05-07 08:38:03,561 [ERROR] ServerAccessManage:651 - Problem during Server Connection :  : Avnet-IotConnect.X-CUBE-IoTC-DA16k-PMOD.pdsc.
2025-05-07 08:38:03,570 [ERROR] LogOutputStream:75 - [STDERR_REDIRECT] [Fatal Error] :1:1: Premature end of file.
2025-05-07 08:38:03,571 [ERROR] LogOutputStream:75 - [STDERR_REDIRECT] 
2025-05-07 08:38:03,605 [WARN] MainUpdater:1193 - Updater busy. Cannot search thirdparties
2025-05-07 08:38:03,605 [INFO] ThirdPartyUpdaterWithRetryManager:96 - Updater plugin is busy. [1/15]
2025-05-07 08:38:03,717 [WARN] PackLoader:240 - Cannot read IP mode file for STMicroelectronics.X-CUBE-FREERTOS.1.3.1
2025-05-07 08:38:03,737 [WARN] PackLoader:240 - Cannot read IP mode file for STMicroelectronics.X-CUBE-NFC7.2.0.0
2025-05-07 08:38:03,744 [INFO] CheckServerUpdateThread:120 - End of CheckServer Thread
2025-05-07 08:38:03,749 [WARN] PackLoader:240 - Cannot read IP mode file for STMicroelectronics.X-CUBE-TOF1.3.4.3
2025-05-07 08:38:03,773 [WARN] PackLoader:240 - Cannot read IP mode file for STMicroelectronics.X-CUBE-WB05N.2.0.0
2025-05-07 08:38:03,774 [INFO] PopulateThirdPartyThread:66 - Ending populate Thread
2025-05-07 08:38:03,778 [INFO] ThirdParty:1030 - CMSIS Pack Vendor :STMicroelectronics X-CUBE-FREERTOS 1.3.1
2025-05-07 08:38:03,778 [INFO] ThirdParty:1030 - CMSIS Pack Vendor :STMicroelectronics X-CUBE-NFC7 2.0.0
2025-05-07 08:38:03,778 [INFO] ThirdParty:1030 - CMSIS Pack Vendor :STMicroelectronics X-CUBE-TOF1 3.4.3
2025-05-07 08:38:03,778 [INFO] ThirdParty:1030 - CMSIS Pack Vendor :STMicroelectronics X-CUBE-WB05N 2.0.0
2025-05-07 08:38:03,778 [INFO] LoadServerUpdatesThread:375 - End of LoadServerUpdate Thread
2025-05-07 08:38:04,515 [ERROR] LogOutputStream:75 - [STDERR_REDIRECT] [Fatal Error] :1:1: Premature end of file.
2025-05-07 08:38:04,515 [ERROR] LogOutputStream:75 - [STDERR_REDIRECT] 
2025-05-07 08:38:05,515 [ERROR] LogOutputStream:75 - [STDERR_REDIRECT] [Fatal Error] :1:1: Premature end of file.
2025-05-07 08:38:05,515 [ERROR] LogOutputStream:75 - [STDERR_REDIRECT] 
2025-05-07 08:38:06,515 [ERROR] LogOutputStream:75 - [STDERR_REDIRECT] [Fatal Error] :1:1: Premature end of file.
2025-05-07 08:38:06,516 [ERROR] LogOutputStream:75 - [STDERR_REDIRECT] 
2025-05-07 08:38:06,738 [WARN] PackLoader:240 - Cannot read IP mode file for STMicroelectronics.FP-SNS-MOTENVWB1.1.4.0
2025-05-07 08:38:06,744 [WARN] PackLoader:240 - Cannot read IP mode file for STMicroelectronics.FP-ATR-ASTRA1.2.0.2
2025-05-07 08:38:06,752 [WARN] PackLoader:240 - Cannot read IP mode file for STMicroelectronics.X-CUBE-SMBUS.2.1.0
2025-05-07 08:38:06,758 [WARN] PackLoader:240 - Cannot read IP mode file for STMicroelectronics.X-CUBE-WB05N.1.1.0
2025-05-07 08:38:06,768 [WARN] PackLoader:240 - Cannot read IP mode file for STMicroelectronics.X-CUBE-AZRTOS-F7.1.1.0
2025-05-07 08:38:06,781 [WARN] PackLoader:240 - Cannot read IP mode file for Infineon.AIROC-Wi-Fi-Bluetooth-STM32.1.7.0
2025-05-07 08:38:06,789 [WARN] PackLoader:240 - Cannot read IP mode file for STMicroelectronics.X-CUBE-DISPLAY.3.0.0
2025-05-07 08:38:06,795 [WARN] PackLoader:240 - Cannot read IP mode file for STMicroelectronics.X-CUBE-NFC10.1.0.0
2025-05-07 08:38:06,801 [WARN] PackLoader:240 - Cannot read IP mode file for STMicroelectronics.X-CUBE-BLEMGR.4.0.0
2025-05-07 08:38:06,807 [WARN] PackLoader:240 - Cannot read IP mode file for emotas.I-CUBE-CANOPEN.1.3.0
2025-05-07 08:38:06,811 [WARN] ConditionMgr:438 - getConditionDescription Invalid condition id : Cortex-A Device cause : null
2025-05-07 08:38:06,819 [WARN] ConditionMgr:1044 - genDependencies : Invalid condition id : Cortex-A Device cause : null
2025-05-07 08:38:06,819 [WARN] ConditionMgr:1044 - genDependencies : Invalid condition id : Cortex-A Device cause : null
2025-05-07 08:38:06,819 [WARN] ConditionMgr:1044 - genDependencies : Invalid condition id : Cortex-A Device cause : null
2025-05-07 08:38:06,823 [WARN] PackLoader:240 - Cannot read IP mode file for STMicroelectronics.X-CUBE-AI.10.0.0
2025-05-07 08:38:06,826 [WARN] PackLoader:240 - Cannot read IP mode file for STMicroelectronics.FP-SNS-SMARTAG2.1.2.0
2025-05-07 08:38:06,829 [WARN] PackLoader:240 - Cannot read IP mode file for STMicroelectronics.FP-SNS-FLIGHT1.5.1.0
2025-05-07 08:38:06,846 [WARN] PackLoader:240 - Cannot read IP mode file for STMicroelectronics.X-CUBE-MEMS1.11.1.0
2025-05-07 08:38:06,896 [INFO] LogOutputStream:77 - [STDOUT_REDIRECT] 1 : Invalid condition id : UX_CORESTACK_Condition cause : null
2025-05-07 08:38:06,897 [INFO] LogOutputStream:77 - [STDOUT_REDIRECT] 1 : Invalid condition id : UX_CORESTACK_Condition cause : null
2025-05-07 08:38:06,898 [INFO] LogOutputStream:77 - [STDOUT_REDIRECT] 1 : Invalid condition id : UX_CORESTACK_Condition cause : null
2025-05-07 08:38:06,899 [INFO] LogOutputStream:77 - [STDOUT_REDIRECT] 1 : Invalid condition id : UX_CORESTACK_Condition cause : null
2025-05-07 08:38:06,900 [INFO] LogOutputStream:77 - [STDOUT_REDIRECT] 1 : Invalid condition id : UX_CORESTACK_Condition cause : null
2025-05-07 08:38:06,901 [WARN] PackLoader:240 - Cannot read IP mode file for STMicroelectronics.X-CUBE-AZRTOS-WL.2.0.0
2025-05-07 08:38:06,905 [WARN] PackLoader:240 - Cannot read IP mode file for STMicroelectronics.FP-SNS-MOTENV1.5.0.0
2025-05-07 08:38:06,911 [WARN] PackLoader:240 - Cannot read IP mode file for WES.I-CUBE-Cesium.1.3.0
2025-05-07 08:38:06,914 [WARN] PackLoader:240 - Cannot read IP mode file for STMicroelectronics.X-CUBE-BLE2.3.3.0
2025-05-07 08:38:06,918 [WARN] PackLoader:240 - Cannot read IP mode file for STMicroelectronics.X-CUBE-NFC9.1.0.0
2025-05-07 08:38:06,921 [WARN] PackLoader:240 - Cannot read IP mode file for STMicroelectronics.X-CUBE-BLE1.7.1.0
2025-05-07 08:38:06,924 [WARN] PackLoader:240 - Cannot read IP mode file for wolfSSL.I-CUBE-wolfMQTT.1.19.2
2025-05-07 08:38:06,930 [WARN] PackLoader:240 - Cannot read IP mode file for STMicroelectronics.X-CUBE-AZRTOS-G0.1.1.0
2025-05-07 08:38:06,935 [WARN] PackLoader:240 - Cannot read IP mode file for STMicroelectronics.X-CUBE-SAFEA1.1.2.2
2025-05-07 08:38:06,938 [WARN] PackLoader:240 - Cannot read IP mode file for STMicroelectronics.X-CUBE-NFC4.3.0.0
2025-05-07 08:38:06,943 [WARN] PackLoader:240 - Cannot read IP mode file for EmbeddedOffice.I-CUBE-FS-RTOS.1.0.1
2025-05-07 08:38:06,945 [WARN] PackLoader:240 - Cannot read IP mode file for STMicroelectronics.X-CUBE-WB05N.2.0.0
2025-05-07 08:38:06,948 [WARN] PackLoader:240 - Cannot read IP mode file for wolfSSL.I-CUBE-wolfTPM.3.8.0
2025-05-07 08:38:06,952 [WARN] PackLoader:240 - Cannot read IP mode file for STMicroelectronics.X-CUBE-TCPP.4.2.0
2025-05-07 08:38:06,955 [WARN] PackLoader:240 - Cannot read IP mode file for RealThread.X-CUBE-RT-Thread_Nano.4.1.1
2025-05-07 08:38:06,958 [WARN] PackLoader:240 - Cannot read IP mode file for STMicroelectronics.FP-ATR-SIGFOX1.3.2.0
2025-05-07 08:38:06,961 [WARN] PackLoader:240 - Cannot read IP mode file for STMicroelectronics.X-CUBE-EEPRMA1.5.1.0
2025-05-07 08:38:06,964 [WARN] PackLoader:240 - Cannot read IP mode file for wolfSSL.I-CUBE-wolfSSL.5.7.6
2025-05-07 08:38:06,967 [WARN] PackLoader:240 - Cannot read IP mode file for ITTIA_DB.I-CUBE-ITTIADB.8.9.0
2025-05-07 08:38:06,983 [WARN] PackLoader:240 - Cannot read IP mode file for SEGGER.I-CUBE-embOS.1.3.1
2025-05-07 08:38:06,998 [WARN] PackLoader:240 - Cannot read IP mode file for STMicroelectronics.X-CUBE-ALGOBUILD.1.4.0
2025-05-07 08:38:07,005 [WARN] PackLoader:240 - Cannot read IP mode file for STMicroelectronics.X-CUBE-AZRTOS-F4.1.1.0
2025-05-07 08:38:07,009 [WARN] PackLoader:240 - Cannot read IP mode file for STMicroelectronics.X-CUBE-ISPU.2.1.0
2025-05-07 08:38:07,015 [WARN] PackLoader:240 - Cannot read IP mode file for STMicroelectronics.X-CUBE-AZRTOS-L5.2.0.0
2025-05-07 08:38:07,021 [WARN] PackLoader:240 - Cannot read IP mode file for STMicroelectronics.X-CUBE-NFC6.3.1.0
2025-05-07 08:38:07,025 [WARN] PackLoader:240 - Cannot read IP mode file for STMicroelectronics.X-CUBE-FREERTOS.1.3.1
2025-05-07 08:38:07,028 [WARN] PackLoader:240 - Cannot read IP mode file for STMicroelectronics.X-CUBE-FREERTOS.1.3.0
2025-05-07 08:38:07,031 [WARN] PackLoader:240 - Cannot read IP mode file for STMicroelectronics.X-CUBE-NFC7.1.0.1
2025-05-07 08:38:07,035 [WARN] PackLoader:240 - Cannot read IP mode file for STMicroelectronics.X-CUBE-DPower.1.3.0
2025-05-07 08:38:07,042 [WARN] ConditionMgr:438 - getConditionDescription Invalid condition id : LAN8742 Phy interface Condition cause : null
2025-05-07 08:38:07,043 [WARN] PackLoader:240 - Cannot read IP mode file for STMicroelectronics.X-CUBE-AZRTOS-L4.2.0.0
2025-05-07 08:38:07,043 [WARN] ConditionMgr:1044 - genDependencies : Invalid condition id : LAN8742 Phy interface Condition cause : null
2025-05-07 08:38:07,043 [WARN] ConditionMgr:1044 - genDependencies : Invalid condition id : LAN8742 Phy interface Condition cause : null
2025-05-07 08:38:07,044 [WARN] ConditionMgr:1044 - genDependencies : Invalid condition id : LAN8742 Phy interface Condition cause : null
2025-05-07 08:38:07,048 [WARN] PackLoader:240 - Cannot read IP mode file for STMicroelectronics.X-CUBE-SFXS2LP1.4.0.0
2025-05-07 08:38:07,057 [WARN] PackLoader:240 - Cannot read IP mode file for STMicroelectronics.X-CUBE-AZRTOS-H7.3.3.0
2025-05-07 08:38:07,064 [WARN] ConditionMgr:438 - getConditionDescription Invalid condition id : UX DEVICE CLASS RTOS Condition cause : null
2025-05-07 08:38:07,064 [WARN] ConditionMgr:438 - getConditionDescription Invalid condition id : UX DEVICE CLASS RTOS Condition cause : null
2025-05-07 08:38:07,065 [WARN] PackLoader:240 - Cannot read IP mode file for STMicroelectronics.X-CUBE-AZRTOS-WB.2.0.0
2025-05-07 08:38:07,065 [WARN] ConditionMgr:1044 - genDependencies : Invalid condition id : UX DEVICE CLASS RTOS Condition cause : null
2025-05-07 08:38:07,065 [WARN] ConditionMgr:1044 - genDependencies : Invalid condition id : UX DEVICE CLASS RTOS Condition cause : null
2025-05-07 08:38:07,065 [WARN] ConditionMgr:1044 - genDependencies : Invalid condition id : UX DEVICE CLASS RTOS Condition cause : null
2025-05-07 08:38:07,065 [WARN] ConditionMgr:1044 - genDependencies : Invalid condition id : UX DEVICE CLASS RTOS Condition cause : null
2025-05-07 08:38:07,065 [WARN] ConditionMgr:1044 - genDependencies : Invalid condition id : UX DEVICE CLASS RTOS Condition cause : null
2025-05-07 08:38:07,070 [WARN] PackLoader:240 - Cannot read IP mode file for STMicroelectronics.X-CUBE-GNSS1.7.0.1
2025-05-07 08:38:07,077 [WARN] PackLoader:240 - Cannot read IP mode file for STMicroelectronics.X-CUBE-TOUCHGFX.4.25.0
2025-05-07 08:38:07,081 [WARN] PackLoader:240 - Cannot read IP mode file for STMicroelectronics.FP-SNS-STBOX1.2.0.0
2025-05-07 08:38:07,089 [WARN] PackLoader:240 - Cannot read IP mode file for STMicroelectronics.X-CUBE-SUBG2.5.0.0
2025-05-07 08:38:07,099 [WARN] PackLoader:240 - Cannot read IP mode file for STMicroelectronics.X-CUBE-AZRTOS-H7RS.1.1.0
2025-05-07 08:38:07,104 [WARN] PackLoader:240 - Cannot read IP mode file for Cesanta.I-CUBE-Mongoose.7.13.0
2025-05-07 08:38:07,112 [WARN] PackLoader:240 - Cannot read IP mode file for STMicroelectronics.X-CUBE-AZRTOS-G4.2.0.0
2025-05-07 08:38:07,117 [WARN] PackLoader:240 - Cannot read IP mode file for wolfSSL.I-CUBE-wolfSSH.1.4.20
2025-05-07 08:38:07,120 [WARN] PackLoader:240 - Cannot read IP mode file for STMicroelectronics.X-CUBE-NFC7.2.0.0
2025-05-07 08:38:07,126 [WARN] PackLoader:240 - Cannot read IP mode file for STMicroelectronics.X-CUBE-IPS.3.1.0
2025-05-07 08:38:07,132 [WARN] PackLoader:240 - Cannot read IP mode file for STMicroelectronics.X-CUBE-ALS.1.0.2
2025-05-07 08:38:07,136 [WARN] PackLoader:240 - Cannot read IP mode file for portGmbH.I-Cube-SoM-uGOAL.1.1.0
2025-05-07 08:38:07,142 [WARN] PackLoader:240 - Cannot read IP mode file for STMicroelectronics.X-CUBE-TOF1.3.4.2
2025-05-07 08:38:07,149 [WARN] PackLoader:240 - Cannot read IP mode file for STMicroelectronics.X-CUBE-TOF1.3.4.3
2025-05-07 08:38:07,154 [INFO] ThirdParty:978 - Integrity check success = true
2025-05-07 08:38:07,155 [INFO] IntegrityCheckThread:100 - exiting critical section [integrity check]
2025-05-07 08:38:07,155 [INFO] IntegrityCheckThread:103 - End integrity checks thread
2025-05-07 08:38:07,523 [ERROR] LogOutputStream:75 - [STDERR_REDIRECT] [Fatal Error] :1:1: Premature end of file.
2025-05-07 08:38:07,524 [ERROR] LogOutputStream:75 - [STDERR_REDIRECT] 
2025-05-07 08:38:08,514 [ERROR] LogOutputStream:75 - [STDERR_REDIRECT] [Fatal Error] :1:1: Premature end of file.
2025-05-07 08:38:08,514 [ERROR] LogOutputStream:75 - [STDERR_REDIRECT] 
2025-05-07 08:38:09,514 [ERROR] LogOutputStream:75 - [STDERR_REDIRECT] [Fatal Error] :1:1: Premature end of file.
2025-05-07 08:38:09,515 [ERROR] LogOutputStream:75 - [STDERR_REDIRECT] 
2025-05-07 08:38:10,513 [ERROR] LogOutputStream:75 - [STDERR_REDIRECT] [Fatal Error] :1:1: Premature end of file.
2025-05-07 08:38:10,513 [ERROR] LogOutputStream:75 - [STDERR_REDIRECT] 
2025-05-07 08:38:11,514 [ERROR] LogOutputStream:75 - [STDERR_REDIRECT] [Fatal Error] :1:1: Premature end of file.
2025-05-07 08:38:11,514 [ERROR] LogOutputStream:75 - [STDERR_REDIRECT] 
2025-05-07 08:38:12,513 [ERROR] LogOutputStream:75 - [STDERR_REDIRECT] [Fatal Error] :1:1: Premature end of file.
2025-05-07 08:38:12,513 [ERROR] LogOutputStream:75 - [STDERR_REDIRECT] 
2025-05-07 08:38:13,518 [ERROR] LogOutputStream:75 - [STDERR_REDIRECT] [Fatal Error] :1:1: Premature end of file.
2025-05-07 08:38:13,518 [ERROR] LogOutputStream:75 - [STDERR_REDIRECT] 
2025-05-07 08:38:14,515 [ERROR] LogOutputStream:75 - [STDERR_REDIRECT] [Fatal Error] :1:1: Premature end of file.
2025-05-07 08:38:14,515 [ERROR] LogOutputStream:75 - [STDERR_REDIRECT] 
2025-05-07 08:38:15,515 [ERROR] LogOutputStream:75 - [STDERR_REDIRECT] [Fatal Error] :1:1: Premature end of file.
2025-05-07 08:38:15,515 [ERROR] LogOutputStream:75 - [STDERR_REDIRECT] 
2025-05-07 08:38:16,515 [ERROR] LogOutputStream:75 - [STDERR_REDIRECT] [Fatal Error] :1:1: Premature end of file.
2025-05-07 08:38:16,515 [ERROR] LogOutputStream:75 - [STDERR_REDIRECT] 
2025-05-07 08:38:17,515 [ERROR] LogOutputStream:75 - [STDERR_REDIRECT] [Fatal Error] :1:1: Premature end of file.
2025-05-07 08:38:17,515 [ERROR] LogOutputStream:75 - [STDERR_REDIRECT] 
2025-05-07 08:38:18,514 [ERROR] LogOutputStream:75 - [STDERR_REDIRECT] [Fatal Error] :1:1: Premature end of file.
2025-05-07 08:38:18,514 [ERROR] LogOutputStream:75 - [STDERR_REDIRECT] 
2025-05-07 08:38:19,516 [ERROR] LogOutputStream:75 - [STDERR_REDIRECT] [Fatal Error] :1:1: Premature end of file.
2025-05-07 08:38:19,516 [ERROR] LogOutputStream:75 - [STDERR_REDIRECT] 
2025-05-07 08:38:20,516 [ERROR] LogOutputStream:75 - [STDERR_REDIRECT] [Fatal Error] :1:1: Premature end of file.
2025-05-07 08:38:20,516 [ERROR] LogOutputStream:75 - [STDERR_REDIRECT] 
2025-05-07 08:38:21,513 [ERROR] LogOutputStream:75 - [STDERR_REDIRECT] [Fatal Error] :1:1: Premature end of file.
2025-05-07 08:38:21,513 [ERROR] LogOutputStream:75 - [STDERR_REDIRECT] 
2025-05-07 08:38:22,515 [ERROR] LogOutputStream:75 - [STDERR_REDIRECT] [Fatal Error] :1:1: Premature end of file.
2025-05-07 08:38:22,515 [ERROR] LogOutputStream:75 - [STDERR_REDIRECT] 
2025-05-07 08:38:23,518 [ERROR] LogOutputStream:75 - [STDERR_REDIRECT] [Fatal Error] :1:1: Premature end of file.
2025-05-07 08:38:23,519 [ERROR] LogOutputStream:75 - [STDERR_REDIRECT] 
2025-05-07 08:38:23,584 [ERROR] LogOutputStream:75 - [STDERR_REDIRECT] 
