2025-04-26 04:53:07,220 [INFO] Activator:176 - 


2025-04-26 04:53:07,224 [INFO] Activator:177 - !SESSION log4j initialized
2025-04-26 04:53:10,437 [INFO] LogOutputStream:77 - [STDOUT_REDIRECT] 
2025-04-26 04:53:12,479 [INFO] ApplicationProperties:184 - Using Application install path: C:\ST\STM32CubeIDE_1.18.0\STM32CubeIDE\plugins\com.st.stm32cube.common.mx_6.14.1.202504091515
2025-04-26 04:53:12,496 [INFO] DbMcusXml:78 - Set database path to: C:\ST\STM32CubeIDE_1.18.0\STM32CubeIDE\plugins\com.st.stm32cube.common.mx_6.14.1.202504091515\\db\/mcu/
2025-04-26 04:53:12,496 [INFO] ApiDb:274 - Set plugin database path to: C:\ST\STM32CubeIDE_1.18.0\STM32CubeIDE\plugins\com.st.stm32cube.common.mx_6.14.1.202504091515\\db\/plugins/boardmanager/
2025-04-26 04:53:12,497 [WARN] ApiDb:259 - Overriding images path with different value:  => C:\ST\STM32CubeIDE_1.18.0\STM32CubeIDE\plugins\com.st.stm32cube.common.mx_6.14.1.202504091515\\db\/plugins/mcufinder/images/
2025-04-26 04:53:12,507 [INFO] ApiDb:250 - Set database path to: C:\Users\akshi\.stmcufinder\plugins\mcufinder//mcu/
2025-04-26 04:53:12,508 [INFO] DbMcusAds:125 - Set database path to: C:\Users\akshi\.stmcufinder\plugins\mcufinder//mcu/
2025-04-26 04:53:12,510 [INFO] CrossReferenceDbSqlite:203 - Set database path to: C:\Users\akshi\.stmcufinder\plugins\mcufinder//mcu/cs/
2025-04-26 04:53:12,604 [INFO] RulesReader:64 - Compatibility file has been processed (302 Rules)
2025-04-26 04:53:12,689 [INFO] DbMcusXml:78 - Set database path to: C:\ST\STM32CubeIDE_1.18.0\STM32CubeIDE\plugins\com.st.stm32cube.common.mx_6.14.1.202504091515\\db\/mcu/
2025-04-26 04:53:12,690 [INFO] ApiDb:274 - Set plugin database path to: C:\ST\STM32CubeIDE_1.18.0\STM32CubeIDE\plugins\com.st.stm32cube.common.mx_6.14.1.202504091515\\db\/plugins/boardmanager/
2025-04-26 04:53:12,690 [INFO] ApiDb:261 - Set plugin images path to: C:\ST\STM32CubeIDE_1.18.0\STM32CubeIDE\plugins\com.st.stm32cube.common.mx_6.14.1.202504091515\\db\/plugins/mcufinder/images/
2025-04-26 04:53:12,690 [WARN] DbFile:41 - Overriding database path with different value: C:\Users\akshi\.stmcufinder\plugins\mcufinder/ => C:\Users\akshi\.stmcufinder\plugins\mcufinder
2025-04-26 04:53:12,690 [INFO] ApiDb:250 - Set database path to: C:\Users\akshi\.stmcufinder\plugins\mcufinder//mcu/
2025-04-26 04:53:12,690 [WARN] DbFile:41 - Overriding database path with different value: C:\Users\akshi\.stmcufinder\plugins\mcufinder/ => C:\Users\akshi\.stmcufinder\plugins\mcufinder
2025-04-26 04:53:12,690 [INFO] DbMcusAds:125 - Set database path to: C:\Users\akshi\.stmcufinder\plugins\mcufinder//mcu/
2025-04-26 04:53:12,690 [WARN] DbFile:41 - Overriding database path with different value: C:\Users\akshi\.stmcufinder\plugins\mcufinder/ => C:\Users\akshi\.stmcufinder\plugins\mcufinder
2025-04-26 04:53:12,690 [WARN] DbFile:41 - Overriding database path with different value: C:\Users\akshi\.stmcufinder\plugins\mcufinder/ => C:\Users\akshi\.stmcufinder\plugins\mcufinder
2025-04-26 04:53:12,690 [INFO] CrossReferenceDbSqlite:203 - Set database path to: C:\Users\akshi\.stmcufinder\plugins\mcufinder//mcu/cs/
2025-04-26 04:53:12,767 [INFO] MainPanel:272 - HeapMemory: 268435456
2025-04-26 04:53:12,912 [INFO] DbMcusXml:78 - Set database path to: C:\ST\STM32CubeIDE_1.18.0\STM32CubeIDE\plugins\com.st.stm32cube.common.mx_6.14.1.202504091515\\db\/mcu/
2025-04-26 04:53:12,912 [INFO] ApiDb:274 - Set plugin database path to: C:\ST\STM32CubeIDE_1.18.0\STM32CubeIDE\plugins\com.st.stm32cube.common.mx_6.14.1.202504091515\\db\/plugins/boardmanager/
2025-04-26 04:53:12,913 [INFO] ApiDb:261 - Set plugin images path to: C:\ST\STM32CubeIDE_1.18.0\STM32CubeIDE\plugins\com.st.stm32cube.common.mx_6.14.1.202504091515\\db\/plugins/mcufinder/images/
2025-04-26 04:53:12,913 [WARN] DbFile:41 - Overriding database path with different value: C:\Users\akshi\.stmcufinder\plugins\mcufinder/ => C:\Users\akshi\.stmcufinder\plugins\mcufinder
2025-04-26 04:53:12,913 [INFO] ApiDb:250 - Set database path to: C:\Users\akshi\.stmcufinder\plugins\mcufinder//mcu/
2025-04-26 04:53:12,913 [WARN] DbFile:41 - Overriding database path with different value: C:\Users\akshi\.stmcufinder\plugins\mcufinder/ => C:\Users\akshi\.stmcufinder\plugins\mcufinder
2025-04-26 04:53:12,913 [INFO] DbMcusAds:125 - Set database path to: C:\Users\akshi\.stmcufinder\plugins\mcufinder//mcu/
2025-04-26 04:53:12,913 [WARN] DbFile:41 - Overriding database path with different value: C:\Users\akshi\.stmcufinder\plugins\mcufinder/ => C:\Users\akshi\.stmcufinder\plugins\mcufinder
2025-04-26 04:53:12,913 [WARN] DbFile:41 - Overriding database path with different value: C:\Users\akshi\.stmcufinder\plugins\mcufinder/ => C:\Users\akshi\.stmcufinder\plugins\mcufinder
2025-04-26 04:53:12,913 [INFO] CrossReferenceDbSqlite:203 - Set database path to: C:\Users\akshi\.stmcufinder\plugins\mcufinder//mcu/cs/
2025-04-26 04:53:12,931 [INFO] ApplicationProperties:184 - Using Application install path: C:\ST\STM32CubeIDE_1.18.0\STM32CubeIDE\plugins\com.st.stm32cube.common.mx_6.14.1.202504091515
2025-04-26 04:53:12,932 [INFO] PluginManage:196 - Search for loadable plugins [exclusion list=, ]
2025-04-26 04:53:12,933 [INFO] PluginManage:310 - Check plugin analytics
2025-04-26 04:53:13,095 [INFO] AnalyticsPlugin:253 - Accepted Software Licenses: 
2025-04-26 04:53:13,095 [INFO] AnalyticsPlugin:255 - Accepted CMSIS Pack Licenses: 
2025-04-26 04:53:13,096 [INFO] AnalyticsPlugin:257 - Accepted Firmware Licenses: FW.L4.1.18.0
2025-04-26 04:53:13,098 [INFO] PluginManage:359 - Loaded plugin analytics (category:tool,tabindex:-1)
2025-04-26 04:53:13,099 [INFO] PluginManage:310 - Check plugin cadmodel
2025-04-26 04:53:13,105 [INFO] CADModel:105 - Init CAD model plugin
2025-04-26 04:53:13,106 [INFO] PluginManage:359 - Loaded plugin cadmodel (category:power,tabindex:5)
2025-04-26 04:53:13,106 [INFO] PluginManage:310 - Check plugin clock
2025-04-26 04:53:13,115 [INFO] PluginManage:359 - Loaded plugin clock (category:base,tabindex:2)
2025-04-26 04:53:13,115 [INFO] PluginManage:310 - Check plugin ddr
2025-04-26 04:53:13,118 [INFO] PluginManage:359 - Loaded plugin ddr (category:tool,tabindex:6)
2025-04-26 04:53:13,118 [INFO] PluginManage:310 - Check plugin filemanager
2025-04-26 04:53:13,282 [INFO] PluginManage:359 - Loaded plugin filemanager (category:base,tabindex:10)
2025-04-26 04:53:13,282 [INFO] PluginManage:310 - Check plugin ipmanager
2025-04-26 04:53:13,293 [INFO] PluginManage:359 - Loaded plugin ipmanager (category:base,tabindex:5)
2025-04-26 04:53:13,293 [INFO] PluginManage:310 - Check plugin lpbam
2025-04-26 04:53:13,300 [INFO] PluginManage:359 - Loaded plugin lpbam (category:base,tabindex:0)
2025-04-26 04:53:13,300 [INFO] PluginManage:310 - Check plugin memorymap
2025-04-26 04:53:13,316 [INFO] PluginManage:359 - Loaded plugin memorymap (category:base,tabindex:4)
2025-04-26 04:53:13,316 [INFO] PluginManage:310 - Check plugin pinoutandconfiguration
2025-04-26 04:53:13,325 [INFO] PluginManage:359 - Loaded plugin pinoutandconfiguration (category:base,tabindex:1)
2025-04-26 04:53:13,325 [INFO] PluginManage:310 - Check plugin pinoutconfig
2025-04-26 04:53:13,398 [WARN] SupportedApi:132 - Cannot load RTOS API schema: s4s-elt-must-match.1: The content of 'definitions' must match (annotation?, (simpleType | complexType)?, (unique | key | keyref)*)). A problem was found starting at: attribute.
2025-04-26 04:53:13,517 [INFO] PluginManage:359 - Loaded plugin pinoutconfig (category:base,tabindex:0)
2025-04-26 04:53:13,518 [INFO] PluginManage:310 - Check plugin power
2025-04-26 04:53:13,528 [INFO] PluginManage:359 - Loaded plugin power (category:power,tabindex:4)
2025-04-26 04:53:13,528 [INFO] PluginManage:310 - Check plugin projectmanager
2025-04-26 04:53:13,540 [INFO] PluginManage:359 - Loaded plugin projectmanager (category:projectmanager,tabindex:4)
2025-04-26 04:53:13,540 [INFO] PluginManage:310 - Check plugin rif
2025-04-26 04:53:13,547 [INFO] PluginManage:359 - Loaded plugin rif (category:base,tabindex:3)
2025-04-26 04:53:13,548 [INFO] PluginManage:310 - Check plugin thirdparty
2025-04-26 04:53:13,671 [INFO] PluginManage:359 - Loaded plugin thirdparty (category:base,tabindex:-1)
2025-04-26 04:53:13,671 [WARN] IntegrityCheckThread:84 - waiting for thirdparty lock release [integrity check]
2025-04-26 04:53:13,671 [INFO] PluginManage:310 - Check plugin tools
2025-04-26 04:53:13,671 [INFO] IntegrityCheckThread:86 - entering critical section [integrity check]
2025-04-26 04:53:13,671 [INFO] ThirdPartyUpdaterWithRetryManager:70 - Updater plugin not ready yet. [1/15]
2025-04-26 04:53:13,675 [INFO] PluginManage:359 - Loaded plugin tools (category:base,tabindex:7)
2025-04-26 04:53:13,675 [INFO] PluginManage:310 - Check plugin tutovideos
2025-04-26 04:53:13,821 [INFO] PluginManage:359 - Loaded plugin tutovideos (category:base,tabindex:-1)
2025-04-26 04:53:13,821 [INFO] PluginManage:310 - Check plugin updater
2025-04-26 04:53:13,837 [INFO] PluginManage:359 - Loaded plugin updater (category:base,tabindex:12)
2025-04-26 04:53:13,837 [INFO] PluginManage:310 - Check plugin userauth
2025-04-26 04:53:13,842 [INFO] UserAuth:118 - Init User Auth plugin
2025-04-26 04:53:13,842 [INFO] PluginManage:359 - Loaded plugin userauth (category:base,tabindex:14)
2025-04-26 04:53:13,843 [INFO] PluginManage:283 - PluginManage : Loaded plugins [18]
2025-04-26 04:53:14,041 [INFO] PinOutPanel:1589 - setPackage(No Configuration,No Configuration)
2025-04-26 04:53:14,108 [INFO] CADModel:165 - CPN selected for project level
2025-04-26 04:53:14,108 [INFO] CADModel:114 - Register for checkConnection events
2025-04-26 04:53:14,123 [INFO] IPUIPlugin:80 - create IPUIPlugin
2025-04-26 04:53:14,123 [INFO] PluginManager:220 - loadIPPluginJar : add adc
2025-04-26 04:53:14,125 [INFO] IPUIPlugin:80 - create IPUIPlugin
2025-04-26 04:53:14,125 [INFO] PluginManager:220 - loadIPPluginJar : add aes
2025-04-26 04:53:14,127 [INFO] IPUIPlugin:80 - create IPUIPlugin
2025-04-26 04:53:14,127 [INFO] PluginManager:220 - loadIPPluginJar : add can
2025-04-26 04:53:14,128 [INFO] IPUIPlugin:80 - create IPUIPlugin
2025-04-26 04:53:14,128 [INFO] PluginManager:220 - loadIPPluginJar : add comp
2025-04-26 04:53:14,129 [INFO] IPUIPlugin:80 - create IPUIPlugin
2025-04-26 04:53:14,129 [INFO] PluginManager:220 - loadIPPluginJar : add cryp
2025-04-26 04:53:14,132 [INFO] IPUIPlugin:80 - create IPUIPlugin
2025-04-26 04:53:14,132 [INFO] PluginManager:220 - loadIPPluginJar : add ddr_ctrl_phy
2025-04-26 04:53:14,135 [INFO] IPUIPlugin:80 - create IPUIPlugin
2025-04-26 04:53:14,135 [INFO] PluginManager:220 - loadIPPluginJar : add dfsdm
2025-04-26 04:53:14,138 [INFO] IPUIPlugin:80 - create IPUIPlugin
2025-04-26 04:53:14,139 [INFO] PluginManager:220 - loadIPPluginJar : add dma
2025-04-26 04:53:14,140 [INFO] IPUIPlugin:80 - create IPUIPlugin
2025-04-26 04:53:14,140 [INFO] PluginManager:220 - loadIPPluginJar : add dma3
2025-04-26 04:53:14,142 [INFO] IPUIPlugin:80 - create IPUIPlugin
2025-04-26 04:53:14,142 [INFO] PluginManager:220 - loadIPPluginJar : add extmemmanager
2025-04-26 04:53:14,143 [INFO] IPUIPlugin:80 - create IPUIPlugin
2025-04-26 04:53:14,143 [INFO] PluginManager:220 - loadIPPluginJar : add fatfs
2025-04-26 04:53:14,146 [INFO] IPUIPlugin:80 - create IPUIPlugin
2025-04-26 04:53:14,146 [INFO] PluginManager:220 - loadIPPluginJar : add fmc
2025-04-26 04:53:14,153 [INFO] IPUIPlugin:80 - create IPUIPlugin
2025-04-26 04:53:14,153 [INFO] PluginManager:220 - loadIPPluginJar : add freertos
2025-04-26 04:53:14,154 [INFO] IPUIPlugin:80 - create IPUIPlugin
2025-04-26 04:53:14,154 [INFO] PluginManager:220 - loadIPPluginJar : add genericplugin
2025-04-26 04:53:14,157 [INFO] IPUIPlugin:80 - create IPUIPlugin
2025-04-26 04:53:14,157 [INFO] PluginManager:220 - loadIPPluginJar : add gfxmmu
2025-04-26 04:53:14,162 [INFO] IPUIPlugin:80 - create IPUIPlugin
2025-04-26 04:53:14,162 [INFO] PluginManager:220 - loadIPPluginJar : add gic
2025-04-26 04:53:14,165 [INFO] IPUIPlugin:80 - create IPUIPlugin
2025-04-26 04:53:14,165 [INFO] PluginManager:220 - loadIPPluginJar : add gpio
2025-04-26 04:53:14,167 [INFO] IPUIPlugin:80 - create IPUIPlugin
2025-04-26 04:53:14,167 [INFO] PluginManager:220 - loadIPPluginJar : add gtzc
2025-04-26 04:53:14,170 [INFO] IPUIPlugin:80 - create IPUIPlugin
2025-04-26 04:53:14,170 [INFO] PluginManager:220 - loadIPPluginJar : add hash
2025-04-26 04:53:14,172 [INFO] IPUIPlugin:80 - create IPUIPlugin
2025-04-26 04:53:14,172 [INFO] PluginManager:220 - loadIPPluginJar : add i2c
2025-04-26 04:53:14,174 [INFO] IPUIPlugin:80 - create IPUIPlugin
2025-04-26 04:53:14,174 [INFO] PluginManager:220 - loadIPPluginJar : add i2s
2025-04-26 04:53:14,175 [INFO] IPUIPlugin:80 - create IPUIPlugin
2025-04-26 04:53:14,175 [INFO] PluginManager:220 - loadIPPluginJar : add i3c
2025-04-26 04:53:14,177 [INFO] IPUIPlugin:80 - create IPUIPlugin
2025-04-26 04:53:14,177 [INFO] PluginManager:220 - loadIPPluginJar : add ipddr
2025-04-26 04:53:14,182 [INFO] IPUIPlugin:80 - create IPUIPlugin
2025-04-26 04:53:14,182 [INFO] PluginManager:220 - loadIPPluginJar : add linkedlist
2025-04-26 04:53:14,186 [INFO] IPUIPlugin:80 - create IPUIPlugin
2025-04-26 04:53:14,186 [INFO] PluginManager:220 - loadIPPluginJar : add lorawan
2025-04-26 04:53:14,187 [INFO] IPUIPlugin:80 - create IPUIPlugin
2025-04-26 04:53:14,187 [INFO] PluginManager:220 - loadIPPluginJar : add ltdc
2025-04-26 04:53:14,190 [INFO] IPUIPlugin:80 - create IPUIPlugin
2025-04-26 04:53:14,190 [INFO] PluginManager:220 - loadIPPluginJar : add mdma
2025-04-26 04:53:14,192 [INFO] IPUIPlugin:80 - create IPUIPlugin
2025-04-26 04:53:14,192 [INFO] PluginManager:220 - loadIPPluginJar : add nvic
2025-04-26 04:53:14,195 [INFO] IPUIPlugin:80 - create IPUIPlugin
2025-04-26 04:53:14,195 [INFO] PluginManager:220 - loadIPPluginJar : add opamp
2025-04-26 04:53:14,198 [INFO] IPUIPlugin:80 - create IPUIPlugin
2025-04-26 04:53:14,198 [INFO] PluginManager:220 - loadIPPluginJar : add openamp
2025-04-26 04:53:14,202 [INFO] IPUIPlugin:80 - create IPUIPlugin
2025-04-26 04:53:14,202 [INFO] PluginManager:220 - loadIPPluginJar : add pdm2pcm
2025-04-26 04:53:14,207 [INFO] IPUIPlugin:80 - create IPUIPlugin
2025-04-26 04:53:14,208 [INFO] PluginManager:220 - loadIPPluginJar : add plateformsettings
2025-04-26 04:53:14,209 [INFO] IPUIPlugin:80 - create IPUIPlugin
2025-04-26 04:53:14,209 [INFO] PluginManager:220 - loadIPPluginJar : add quadspi
2025-04-26 04:53:14,210 [INFO] IPUIPlugin:80 - create IPUIPlugin
2025-04-26 04:53:14,211 [INFO] PluginManager:220 - loadIPPluginJar : add radio
2025-04-26 04:53:14,215 [INFO] IPUIPlugin:80 - create IPUIPlugin
2025-04-26 04:53:14,215 [INFO] PluginManager:220 - loadIPPluginJar : add resmgrutility
2025-04-26 04:53:14,217 [INFO] IPUIPlugin:80 - create IPUIPlugin
2025-04-26 04:53:14,217 [INFO] PluginManager:220 - loadIPPluginJar : add sai
2025-04-26 04:53:14,218 [INFO] IPUIPlugin:80 - create IPUIPlugin
2025-04-26 04:53:14,218 [INFO] PluginManager:220 - loadIPPluginJar : add spi
2025-04-26 04:53:14,223 [INFO] IPUIPlugin:80 - create IPUIPlugin
2025-04-26 04:53:14,223 [INFO] PluginManager:220 - loadIPPluginJar : add stm32_wpan
2025-04-26 04:53:14,224 [INFO] IPUIPlugin:80 - create IPUIPlugin
2025-04-26 04:53:14,224 [INFO] PluginManager:220 - loadIPPluginJar : add tim
2025-04-26 04:53:14,226 [INFO] IPUIPlugin:80 - create IPUIPlugin
2025-04-26 04:53:14,226 [INFO] PluginManager:220 - loadIPPluginJar : add touchsensing
2025-04-26 04:53:14,228 [INFO] IPUIPlugin:80 - create IPUIPlugin
2025-04-26 04:53:14,228 [INFO] PluginManager:220 - loadIPPluginJar : add tracer_emb
2025-04-26 04:53:14,229 [INFO] IPUIPlugin:80 - create IPUIPlugin
2025-04-26 04:53:14,229 [INFO] PluginManager:220 - loadIPPluginJar : add ts
2025-04-26 04:53:14,230 [INFO] IPUIPlugin:80 - create IPUIPlugin
2025-04-26 04:53:14,231 [INFO] PluginManager:220 - loadIPPluginJar : add tsc
2025-04-26 04:53:14,232 [INFO] IPUIPlugin:80 - create IPUIPlugin
2025-04-26 04:53:14,232 [INFO] PluginManager:220 - loadIPPluginJar : add ucpd
2025-04-26 04:53:14,234 [INFO] IPUIPlugin:80 - create IPUIPlugin
2025-04-26 04:53:14,234 [INFO] PluginManager:220 - loadIPPluginJar : add usart
2025-04-26 04:53:14,236 [INFO] IPUIPlugin:80 - create IPUIPlugin
2025-04-26 04:53:14,237 [INFO] PluginManager:220 - loadIPPluginJar : add usbx
2025-04-26 04:53:14,349 [FATAL] Updater:351 - Updater called before beeing initialized
2025-04-26 04:53:14,366 [INFO] RulesReader:64 - Compatibility file has been processed (302 Rules)
2025-04-26 04:53:14,374 [INFO] RulesReader:64 - Compatibility file has been processed (302 Rules)
2025-04-26 04:53:14,382 [INFO] CADModel:165 - CPN selected for project level
2025-04-26 04:53:14,382 [INFO] CADModel:114 - Register for checkConnection events
2025-04-26 04:53:14,382 [FATAL] Updater:351 - Updater called before beeing initialized
2025-04-26 04:53:14,382 [ERROR] CADModel:125 - Updater not yet initialized, retry later 
2025-04-26 04:53:14,527 [FATAL] Updater:351 - Updater called before beeing initialized
2025-04-26 04:53:14,529 [INFO] CADModel:165 - CPN selected for project level
2025-04-26 04:53:14,529 [INFO] CADModel:114 - Register for checkConnection events
2025-04-26 04:53:14,529 [FATAL] Updater:351 - Updater called before beeing initialized
2025-04-26 04:53:14,529 [ERROR] CADModel:125 - Updater not yet initialized, retry later 
2025-04-26 04:53:14,531 [FATAL] Updater:351 - Updater called before beeing initialized
2025-04-26 04:53:14,613 [FATAL] Updater:351 - Updater called before beeing initialized
2025-04-26 04:53:14,616 [INFO] DbMcusAds:53 - JSON generation date=Thu Mar 06 07:54:22 MST 2025 (1741272862078)
2025-04-26 04:53:14,616 [FATAL] Updater:351 - Updater called before beeing initialized
2025-04-26 04:53:14,646 [WARN] DetailPanel:346 - Failed to get advertising image, set to default
2025-04-26 04:53:14,781 [FATAL] Updater:351 - Updater called before beeing initialized
2025-04-26 04:53:14,783 [FATAL] Updater:351 - Updater called before beeing initialized
2025-04-26 04:53:14,783 [FATAL] Updater:351 - Updater called before beeing initialized
2025-04-26 04:53:14,783 [WARN] DetailPanel:346 - Failed to get advertising image, set to default
2025-04-26 04:53:14,784 [FATAL] Updater:351 - Updater called before beeing initialized
2025-04-26 04:53:14,822 [ERROR] Updater:1198 - MainUpdater not yet initialized. External WinMGr cannot be set.
2025-04-26 04:53:14,823 [INFO] Updater:1134 - Updater Version found : 6.14.1
2025-04-26 04:53:14,839 [INFO] ApplicationProperties:184 - Using Application install path: C:\ST\STM32CubeIDE_1.18.0\STM32CubeIDE\plugins\com.st.stm32cube.common.mx_6.14.1.202504091515
2025-04-26 04:53:16,410 [ERROR] LogOutputStream:75 - [STDERR_REDIRECT] Apr 26, 2025 4:53:16 AM java.util.prefs.WindowsPreferences <init>
2025-04-26 04:53:16,412 [ERROR] LogOutputStream:75 - [STDERR_REDIRECT] WARNING: Could not open/create prefs root node Software\JavaSoft\Prefs at root 0xffffffff80000002. Windows RegCreateKeyEx(...) returned error code 5.
2025-04-26 04:53:16,412 [ERROR] LogOutputStream:75 - [STDERR_REDIRECT] 
2025-04-26 04:53:16,672 [INFO] ThirdPartyUpdaterWithRetryManager:70 - Updater plugin not ready yet. [2/15]
2025-04-26 04:53:17,288 [INFO] MainUpdater:2872 - connection check result : 10
2025-04-26 04:53:17,289 [INFO] MainUpdater:289 - Updater Check For Update Now.
2025-04-26 04:53:17,289 [INFO] MicroXplorer:498 - Change Database Version : DB.6.0.141
2025-04-26 04:53:17,294 [INFO] McuFinderGlobals:63 - Set McuFinder mode to 2 (CubeIDE integrated)
2025-04-26 04:53:17,295 [INFO] UserAuth:484 - Internet connection configuration mode: 1
2025-04-26 04:53:17,337 [INFO] JxBrowserEngine:152 - Initiate JxBrowser Engine with user profile folder
2025-04-26 04:53:17,445 [INFO] CheckServerUpdateThread:120 - End of CheckServer Thread
2025-04-26 04:53:18,690 [INFO] WebApp:169 - Instantiating new browser for Auth
2025-04-26 04:53:19,203 [INFO] WebApp:463 - Apply proxy settings
2025-04-26 04:53:19,204 [INFO] WebApp:548 - Chromium requires no authentication
2025-04-26 04:53:19,211 [INFO] WebApp:491 - Direct internet connection detected
2025-04-26 04:53:19,227 [INFO] WebApp:894 - Register for checkConnection events
2025-04-26 04:53:19,227 [INFO] WebApp:463 - Apply proxy settings
2025-04-26 04:53:19,227 [INFO] WebApp:548 - Chromium requires no authentication
2025-04-26 04:53:19,227 [INFO] WebApp:491 - Direct internet connection detected
2025-04-26 04:53:19,347 [INFO] WebApp:225 - Starting web application
2025-04-26 04:53:19,347 [INFO] WebApp:593 - Web application path used C:\ST\STM32CubeIDE_1.18.0\STM32CubeIDE\plugins\com.st.stm32cube.common.mx_6.14.1.202504091515\db\plugins\mcufinder\reactClient1\index.html
2025-04-26 04:53:19,519 [INFO] UserAuth:484 - Internet connection configuration mode: 1
2025-04-26 04:53:19,519 [INFO] WebApp:191 - Connection restablished
2025-04-26 04:53:19,715 [ERROR] LogOutputStream:75 - [STDERR_REDIRECT] [Fatal Error] :1:1: Premature end of file.
2025-04-26 04:53:19,716 [ERROR] LogOutputStream:75 - [STDERR_REDIRECT] 
2025-04-26 04:53:19,841 [WARN] PackLoader:240 - Cannot read IP mode file for STMicroelectronics.FP-SNS-MOTENVWB1.1.4.0
2025-04-26 04:53:19,849 [WARN] PackLoader:240 - Cannot read IP mode file for STMicroelectronics.FP-ATR-ASTRA1.2.0.2
2025-04-26 04:53:19,855 [WARN] PackLoader:240 - Cannot read IP mode file for STMicroelectronics.X-CUBE-SMBUS.2.1.0
2025-04-26 04:53:19,862 [WARN] PackLoader:240 - Cannot read IP mode file for STMicroelectronics.X-CUBE-WB05N.1.1.0
2025-04-26 04:53:19,880 [WARN] PackLoader:240 - Cannot read IP mode file for STMicroelectronics.X-CUBE-AZRTOS-F7.1.1.0
2025-04-26 04:53:19,898 [WARN] PackLoader:240 - Cannot read IP mode file for Infineon.AIROC-Wi-Fi-Bluetooth-STM32.1.7.0
2025-04-26 04:53:19,909 [WARN] PackLoader:240 - Cannot read IP mode file for STMicroelectronics.X-CUBE-DISPLAY.3.0.0
2025-04-26 04:53:19,917 [WARN] PackLoader:240 - Cannot read IP mode file for STMicroelectronics.X-CUBE-NFC10.1.0.0
2025-04-26 04:53:19,926 [WARN] PackLoader:240 - Cannot read IP mode file for STMicroelectronics.X-CUBE-BLEMGR.4.0.0
2025-04-26 04:53:19,933 [WARN] PackLoader:240 - Cannot read IP mode file for emotas.I-CUBE-CANOPEN.1.3.0
2025-04-26 04:53:19,936 [WARN] ConditionMgr:438 - getConditionDescription Invalid condition id : Cortex-A Device cause : null
2025-04-26 04:53:19,951 [WARN] ConditionMgr:1044 - genDependencies : Invalid condition id : Cortex-A Device cause : null
2025-04-26 04:53:19,952 [WARN] ConditionMgr:1044 - genDependencies : Invalid condition id : Cortex-A Device cause : null
2025-04-26 04:53:19,952 [WARN] ConditionMgr:1044 - genDependencies : Invalid condition id : Cortex-A Device cause : null
2025-04-26 04:53:19,958 [WARN] PackLoader:240 - Cannot read IP mode file for STMicroelectronics.X-CUBE-AI.10.0.0
2025-04-26 04:53:19,962 [WARN] PackLoader:240 - Cannot read IP mode file for STMicroelectronics.FP-SNS-SMARTAG2.1.2.0
2025-04-26 04:53:19,965 [WARN] PackLoader:240 - Cannot read IP mode file for STMicroelectronics.FP-SNS-FLIGHT1.5.1.0
2025-04-26 04:53:19,999 [WARN] PackLoader:240 - Cannot read IP mode file for STMicroelectronics.X-CUBE-MEMS1.11.1.0
2025-04-26 04:53:20,066 [INFO] LogOutputStream:77 - [STDOUT_REDIRECT] 1 : Invalid condition id : UX_CORESTACK_Condition cause : null
2025-04-26 04:53:20,066 [INFO] LogOutputStream:77 - [STDOUT_REDIRECT] 1 : Invalid condition id : UX_CORESTACK_Condition cause : null
2025-04-26 04:53:20,067 [INFO] LogOutputStream:77 - [STDOUT_REDIRECT] 1 : Invalid condition id : UX_CORESTACK_Condition cause : null
2025-04-26 04:53:20,068 [INFO] LogOutputStream:77 - [STDOUT_REDIRECT] 1 : Invalid condition id : UX_CORESTACK_Condition cause : null
2025-04-26 04:53:20,069 [INFO] LogOutputStream:77 - [STDOUT_REDIRECT] 1 : Invalid condition id : UX_CORESTACK_Condition cause : null
2025-04-26 04:53:20,070 [WARN] PackLoader:240 - Cannot read IP mode file for STMicroelectronics.X-CUBE-AZRTOS-WL.2.0.0
2025-04-26 04:53:20,075 [WARN] PackLoader:240 - Cannot read IP mode file for STMicroelectronics.FP-SNS-MOTENV1.5.0.0
2025-04-26 04:53:20,085 [WARN] PackLoader:240 - Cannot read IP mode file for WES.I-CUBE-Cesium.1.3.0
2025-04-26 04:53:20,091 [WARN] PackLoader:240 - Cannot read IP mode file for STMicroelectronics.X-CUBE-BLE2.3.3.0
2025-04-26 04:53:20,097 [WARN] PackLoader:240 - Cannot read IP mode file for STMicroelectronics.X-CUBE-NFC9.1.0.0
2025-04-26 04:53:20,101 [WARN] PackLoader:240 - Cannot read IP mode file for STMicroelectronics.X-CUBE-BLE1.7.1.0
2025-04-26 04:53:20,104 [WARN] PackLoader:240 - Cannot read IP mode file for wolfSSL.I-CUBE-wolfMQTT.1.19.2
2025-04-26 04:53:20,114 [WARN] PackLoader:240 - Cannot read IP mode file for STMicroelectronics.X-CUBE-AZRTOS-G0.1.1.0
2025-04-26 04:53:20,119 [WARN] PackLoader:240 - Cannot read IP mode file for STMicroelectronics.X-CUBE-SAFEA1.1.2.2
2025-04-26 04:53:20,124 [WARN] PackLoader:240 - Cannot read IP mode file for STMicroelectronics.X-CUBE-NFC4.3.0.0
2025-04-26 04:53:20,129 [WARN] PackLoader:240 - Cannot read IP mode file for EmbeddedOffice.I-CUBE-FS-RTOS.1.0.1
2025-04-26 04:53:20,132 [WARN] PackLoader:240 - Cannot read IP mode file for wolfSSL.I-CUBE-wolfTPM.3.8.0
2025-04-26 04:53:20,135 [WARN] PackLoader:240 - Cannot read IP mode file for STMicroelectronics.X-CUBE-TCPP.4.2.0
2025-04-26 04:53:20,138 [WARN] PackLoader:240 - Cannot read IP mode file for RealThread.X-CUBE-RT-Thread_Nano.4.1.1
2025-04-26 04:53:20,141 [WARN] PackLoader:240 - Cannot read IP mode file for STMicroelectronics.FP-ATR-SIGFOX1.3.2.0
2025-04-26 04:53:20,145 [WARN] PackLoader:240 - Cannot read IP mode file for STMicroelectronics.X-CUBE-EEPRMA1.5.1.0
2025-04-26 04:53:20,148 [WARN] PackLoader:240 - Cannot read IP mode file for wolfSSL.I-CUBE-wolfSSL.5.7.6
2025-04-26 04:53:20,152 [WARN] PackLoader:240 - Cannot read IP mode file for ITTIA_DB.I-CUBE-ITTIADB.8.9.0
2025-04-26 04:53:20,169 [WARN] PackLoader:240 - Cannot read IP mode file for SEGGER.I-CUBE-embOS.1.3.1
2025-04-26 04:53:20,214 [WARN] PackLoader:240 - Cannot read IP mode file for STMicroelectronics.X-CUBE-ALGOBUILD.1.4.0
2025-04-26 04:53:20,222 [WARN] PackLoader:240 - Cannot read IP mode file for STMicroelectronics.X-CUBE-AZRTOS-F4.1.1.0
2025-04-26 04:53:20,226 [WARN] PackLoader:240 - Cannot read IP mode file for STMicroelectronics.X-CUBE-ISPU.2.1.0
2025-04-26 04:53:20,234 [WARN] PackLoader:240 - Cannot read IP mode file for STMicroelectronics.X-CUBE-AZRTOS-L5.2.0.0
2025-04-26 04:53:20,240 [WARN] PackLoader:240 - Cannot read IP mode file for STMicroelectronics.X-CUBE-NFC6.3.1.0
2025-04-26 04:53:20,248 [WARN] PackLoader:240 - Cannot read IP mode file for STMicroelectronics.X-CUBE-FREERTOS.1.3.0
2025-04-26 04:53:20,251 [WARN] PackLoader:240 - Cannot read IP mode file for STMicroelectronics.X-CUBE-NFC7.1.0.1
2025-04-26 04:53:20,256 [WARN] PackLoader:240 - Cannot read IP mode file for STMicroelectronics.X-CUBE-DPower.1.3.0
2025-04-26 04:53:20,264 [WARN] ConditionMgr:438 - getConditionDescription Invalid condition id : LAN8742 Phy interface Condition cause : null
2025-04-26 04:53:20,264 [WARN] PackLoader:240 - Cannot read IP mode file for STMicroelectronics.X-CUBE-AZRTOS-L4.2.0.0
2025-04-26 04:53:20,265 [WARN] ConditionMgr:1044 - genDependencies : Invalid condition id : LAN8742 Phy interface Condition cause : null
2025-04-26 04:53:20,265 [WARN] ConditionMgr:1044 - genDependencies : Invalid condition id : LAN8742 Phy interface Condition cause : null
2025-04-26 04:53:20,265 [WARN] ConditionMgr:1044 - genDependencies : Invalid condition id : LAN8742 Phy interface Condition cause : null
2025-04-26 04:53:20,269 [WARN] PackLoader:240 - Cannot read IP mode file for STMicroelectronics.X-CUBE-SFXS2LP1.4.0.0
2025-04-26 04:53:20,279 [WARN] PackLoader:240 - Cannot read IP mode file for STMicroelectronics.X-CUBE-AZRTOS-H7.3.3.0
2025-04-26 04:53:20,285 [WARN] ConditionMgr:438 - getConditionDescription Invalid condition id : UX DEVICE CLASS RTOS Condition cause : null
2025-04-26 04:53:20,285 [WARN] ConditionMgr:438 - getConditionDescription Invalid condition id : UX DEVICE CLASS RTOS Condition cause : null
2025-04-26 04:53:20,286 [WARN] PackLoader:240 - Cannot read IP mode file for STMicroelectronics.X-CUBE-AZRTOS-WB.2.0.0
2025-04-26 04:53:20,286 [WARN] ConditionMgr:1044 - genDependencies : Invalid condition id : UX DEVICE CLASS RTOS Condition cause : null
2025-04-26 04:53:20,286 [WARN] ConditionMgr:1044 - genDependencies : Invalid condition id : UX DEVICE CLASS RTOS Condition cause : null
2025-04-26 04:53:20,286 [WARN] ConditionMgr:1044 - genDependencies : Invalid condition id : UX DEVICE CLASS RTOS Condition cause : null
2025-04-26 04:53:20,286 [WARN] ConditionMgr:1044 - genDependencies : Invalid condition id : UX DEVICE CLASS RTOS Condition cause : null
2025-04-26 04:53:20,286 [WARN] ConditionMgr:1044 - genDependencies : Invalid condition id : UX DEVICE CLASS RTOS Condition cause : null
2025-04-26 04:53:20,290 [WARN] PackLoader:240 - Cannot read IP mode file for STMicroelectronics.X-CUBE-GNSS1.7.0.1
2025-04-26 04:53:20,298 [WARN] PackLoader:240 - Cannot read IP mode file for STMicroelectronics.X-CUBE-TOUCHGFX.4.25.0
2025-04-26 04:53:20,303 [WARN] PackLoader:240 - Cannot read IP mode file for STMicroelectronics.FP-SNS-STBOX1.2.0.0
2025-04-26 04:53:20,310 [WARN] PackLoader:240 - Cannot read IP mode file for STMicroelectronics.X-CUBE-SUBG2.5.0.0
2025-04-26 04:53:20,318 [WARN] PackLoader:240 - Cannot read IP mode file for STMicroelectronics.X-CUBE-AZRTOS-H7RS.1.1.0
2025-04-26 04:53:20,322 [WARN] PackLoader:240 - Cannot read IP mode file for Cesanta.I-CUBE-Mongoose.7.13.0
2025-04-26 04:53:20,332 [WARN] PackLoader:240 - Cannot read IP mode file for STMicroelectronics.X-CUBE-AZRTOS-G4.2.0.0
2025-04-26 04:53:20,337 [WARN] PackLoader:240 - Cannot read IP mode file for wolfSSL.I-CUBE-wolfSSH.1.4.20
2025-04-26 04:53:20,343 [WARN] PackLoader:240 - Cannot read IP mode file for STMicroelectronics.X-CUBE-IPS.3.1.0
2025-04-26 04:53:20,349 [WARN] PackLoader:240 - Cannot read IP mode file for STMicroelectronics.X-CUBE-ALS.1.0.2
2025-04-26 04:53:20,353 [WARN] PackLoader:240 - Cannot read IP mode file for portGmbH.I-Cube-SoM-uGOAL.1.1.0
2025-04-26 04:53:20,361 [WARN] PackLoader:240 - Cannot read IP mode file for STMicroelectronics.X-CUBE-TOF1.3.4.2
2025-04-26 04:53:20,365 [INFO] ThirdParty:978 - Integrity check success = true
2025-04-26 04:53:20,365 [INFO] IntegrityCheckThread:100 - exiting critical section [integrity check]
2025-04-26 04:53:20,365 [INFO] IntegrityCheckThread:103 - End integrity checks thread
2025-04-26 04:53:20,587 [ERROR] LogOutputStream:75 - [STDERR_REDIRECT] [Fatal Error] :1:1: Premature end of file.
2025-04-26 04:53:20,588 [ERROR] LogOutputStream:75 - [STDERR_REDIRECT] 
2025-04-26 04:53:21,580 [ERROR] LogOutputStream:75 - [STDERR_REDIRECT] [Fatal Error] :1:1: Premature end of file.
2025-04-26 04:53:21,580 [ERROR] LogOutputStream:75 - [STDERR_REDIRECT] 
2025-04-26 04:53:22,581 [ERROR] LogOutputStream:75 - [STDERR_REDIRECT] [Fatal Error] :1:1: Premature end of file.
2025-04-26 04:53:22,582 [ERROR] LogOutputStream:75 - [STDERR_REDIRECT] 
2025-04-26 04:53:23,577 [ERROR] LogOutputStream:75 - [STDERR_REDIRECT] [Fatal Error] :1:1: Premature end of file.
2025-04-26 04:53:23,577 [ERROR] LogOutputStream:75 - [STDERR_REDIRECT] 
2025-04-26 04:53:24,583 [ERROR] LogOutputStream:75 - [STDERR_REDIRECT] [Fatal Error] :1:1: Premature end of file.
2025-04-26 04:53:24,583 [ERROR] LogOutputStream:75 - [STDERR_REDIRECT] 
2025-04-26 04:53:25,593 [ERROR] LogOutputStream:75 - [STDERR_REDIRECT] [Fatal Error] :1:1: Premature end of file.
2025-04-26 04:53:25,593 [ERROR] LogOutputStream:75 - [STDERR_REDIRECT] 
2025-04-26 04:53:26,581 [ERROR] LogOutputStream:75 - [STDERR_REDIRECT] [Fatal Error] :1:1: Premature end of file.
2025-04-26 04:53:26,581 [ERROR] LogOutputStream:75 - [STDERR_REDIRECT] 
2025-04-26 04:53:27,581 [ERROR] LogOutputStream:75 - [STDERR_REDIRECT] [Fatal Error] :1:1: Premature end of file.
2025-04-26 04:53:27,581 [ERROR] LogOutputStream:75 - [STDERR_REDIRECT] 
2025-04-26 04:53:28,581 [ERROR] LogOutputStream:75 - [STDERR_REDIRECT] [Fatal Error] :1:1: Premature end of file.
2025-04-26 04:53:28,581 [ERROR] LogOutputStream:75 - [STDERR_REDIRECT] 
2025-04-26 04:53:29,585 [ERROR] LogOutputStream:75 - [STDERR_REDIRECT] [Fatal Error] :1:1: Premature end of file.
2025-04-26 04:53:29,585 [ERROR] LogOutputStream:75 - [STDERR_REDIRECT] 
2025-04-26 04:53:30,582 [ERROR] LogOutputStream:75 - [STDERR_REDIRECT] [Fatal Error] :1:1: Premature end of file.
2025-04-26 04:53:30,582 [ERROR] LogOutputStream:75 - [STDERR_REDIRECT] 
2025-04-26 04:53:31,586 [ERROR] LogOutputStream:75 - [STDERR_REDIRECT] [Fatal Error] :1:1: Premature end of file.
2025-04-26 04:53:31,586 [ERROR] LogOutputStream:75 - [STDERR_REDIRECT] 
2025-04-26 04:53:32,583 [ERROR] LogOutputStream:75 - [STDERR_REDIRECT] [Fatal Error] :1:1: Premature end of file.
2025-04-26 04:53:32,583 [ERROR] LogOutputStream:75 - [STDERR_REDIRECT] 
2025-04-26 04:53:33,585 [ERROR] LogOutputStream:75 - [STDERR_REDIRECT] [Fatal Error] :1:1: Premature end of file.
2025-04-26 04:53:33,585 [ERROR] LogOutputStream:75 - [STDERR_REDIRECT] 
2025-04-26 04:53:34,581 [ERROR] LogOutputStream:75 - [STDERR_REDIRECT] [Fatal Error] :1:1: Premature end of file.
2025-04-26 04:53:34,581 [ERROR] LogOutputStream:75 - [STDERR_REDIRECT] 
2025-04-26 04:53:35,580 [ERROR] LogOutputStream:75 - [STDERR_REDIRECT] [Fatal Error] :1:1: Premature end of file.
2025-04-26 04:53:35,581 [ERROR] LogOutputStream:75 - [STDERR_REDIRECT] 
2025-04-26 04:53:36,580 [ERROR] LogOutputStream:75 - [STDERR_REDIRECT] [Fatal Error] :1:1: Premature end of file.
2025-04-26 04:53:36,581 [ERROR] LogOutputStream:75 - [STDERR_REDIRECT] 
2025-04-26 04:53:37,583 [ERROR] LogOutputStream:75 - [STDERR_REDIRECT] [Fatal Error] :1:1: Premature end of file.
2025-04-26 04:53:37,583 [ERROR] LogOutputStream:75 - [STDERR_REDIRECT] 
2025-04-26 04:53:38,590 [ERROR] LogOutputStream:75 - [STDERR_REDIRECT] [Fatal Error] :1:1: Premature end of file.
2025-04-26 04:53:38,590 [ERROR] LogOutputStream:75 - [STDERR_REDIRECT] 
2025-04-26 04:53:39,585 [ERROR] LogOutputStream:75 - [STDERR_REDIRECT] [Fatal Error] :1:1: Premature end of file.
2025-04-26 04:53:39,586 [ERROR] LogOutputStream:75 - [STDERR_REDIRECT] 
2025-04-26 04:53:40,583 [ERROR] LogOutputStream:75 - [STDERR_REDIRECT] [Fatal Error] :1:1: Premature end of file.
2025-04-26 04:53:40,583 [ERROR] LogOutputStream:75 - [STDERR_REDIRECT] 
2025-04-26 04:53:41,583 [ERROR] LogOutputStream:75 - [STDERR_REDIRECT] [Fatal Error] :1:1: Premature end of file.
2025-04-26 04:53:41,583 [ERROR] LogOutputStream:75 - [STDERR_REDIRECT] 
2025-04-26 04:53:42,582 [ERROR] LogOutputStream:75 - [STDERR_REDIRECT] [Fatal Error] :1:1: Premature end of file.
2025-04-26 04:53:42,582 [ERROR] LogOutputStream:75 - [STDERR_REDIRECT] 
2025-04-26 04:53:43,583 [ERROR] LogOutputStream:75 - [STDERR_REDIRECT] [Fatal Error] :1:1: Premature end of file.
2025-04-26 04:53:43,583 [ERROR] LogOutputStream:75 - [STDERR_REDIRECT] 
2025-04-26 04:53:44,587 [ERROR] LogOutputStream:75 - [STDERR_REDIRECT] [Fatal Error] :1:1: Premature end of file.
2025-04-26 04:53:44,587 [ERROR] LogOutputStream:75 - [STDERR_REDIRECT] 
2025-04-26 04:53:45,582 [ERROR] LogOutputStream:75 - [STDERR_REDIRECT] [Fatal Error] :1:1: Premature end of file.
2025-04-26 04:53:45,582 [ERROR] LogOutputStream:75 - [STDERR_REDIRECT] 
2025-04-26 04:53:46,581 [ERROR] LogOutputStream:75 - [STDERR_REDIRECT] [Fatal Error] :1:1: Premature end of file.
2025-04-26 04:53:46,581 [ERROR] LogOutputStream:75 - [STDERR_REDIRECT] 
2025-04-26 04:53:47,582 [ERROR] LogOutputStream:75 - [STDERR_REDIRECT] [Fatal Error] :1:1: Premature end of file.
2025-04-26 04:53:47,583 [ERROR] LogOutputStream:75 - [STDERR_REDIRECT] 
2025-04-26 04:53:48,585 [ERROR] LogOutputStream:75 - [STDERR_REDIRECT] [Fatal Error] :1:1: Premature end of file.
2025-04-26 04:53:48,585 [ERROR] LogOutputStream:75 - [STDERR_REDIRECT] 
2025-04-26 04:53:49,584 [ERROR] LogOutputStream:75 - [STDERR_REDIRECT] [Fatal Error] :1:1: Premature end of file.
2025-04-26 04:53:49,584 [ERROR] LogOutputStream:75 - [STDERR_REDIRECT] 
2025-04-26 04:53:50,585 [ERROR] LogOutputStream:75 - [STDERR_REDIRECT] [Fatal Error] :1:1: Premature end of file.
2025-04-26 04:53:50,585 [ERROR] LogOutputStream:75 - [STDERR_REDIRECT] 
2025-04-26 04:53:51,585 [ERROR] LogOutputStream:75 - [STDERR_REDIRECT] [Fatal Error] :1:1: Premature end of file.
2025-04-26 04:53:51,585 [ERROR] LogOutputStream:75 - [STDERR_REDIRECT] 
2025-04-26 04:53:52,582 [ERROR] LogOutputStream:75 - [STDERR_REDIRECT] [Fatal Error] :1:1: Premature end of file.
2025-04-26 04:53:52,583 [ERROR] LogOutputStream:75 - [STDERR_REDIRECT] 
2025-04-26 04:53:53,578 [ERROR] LogOutputStream:75 - [STDERR_REDIRECT] [Fatal Error] :1:1: Premature end of file.
2025-04-26 04:53:53,578 [ERROR] LogOutputStream:75 - [STDERR_REDIRECT] 
2025-04-26 04:53:54,587 [ERROR] LogOutputStream:75 - [STDERR_REDIRECT] [Fatal Error] :1:1: Premature end of file.
2025-04-26 04:53:54,587 [ERROR] LogOutputStream:75 - [STDERR_REDIRECT] 
2025-04-26 04:53:55,587 [ERROR] LogOutputStream:75 - [STDERR_REDIRECT] [Fatal Error] :1:1: Premature end of file.
2025-04-26 04:53:55,587 [ERROR] LogOutputStream:75 - [STDERR_REDIRECT] 
2025-04-26 04:53:56,583 [ERROR] LogOutputStream:75 - [STDERR_REDIRECT] [Fatal Error] :1:1: Premature end of file.
2025-04-26 04:53:56,583 [ERROR] LogOutputStream:75 - [STDERR_REDIRECT] 
2025-04-26 04:53:57,580 [ERROR] LogOutputStream:75 - [STDERR_REDIRECT] [Fatal Error] :1:1: Premature end of file.
2025-04-26 04:53:57,581 [ERROR] LogOutputStream:75 - [STDERR_REDIRECT] 
2025-04-26 04:53:58,579 [ERROR] LogOutputStream:75 - [STDERR_REDIRECT] [Fatal Error] :1:1: Premature end of file.
2025-04-26 04:53:58,580 [ERROR] LogOutputStream:75 - [STDERR_REDIRECT] 
2025-04-26 04:53:59,583 [ERROR] LogOutputStream:75 - [STDERR_REDIRECT] [Fatal Error] :1:1: Premature end of file.
2025-04-26 04:53:59,583 [ERROR] LogOutputStream:75 - [STDERR_REDIRECT] 
2025-04-26 04:54:00,580 [ERROR] LogOutputStream:75 - [STDERR_REDIRECT] [Fatal Error] :1:1: Premature end of file.
2025-04-26 04:54:00,580 [ERROR] LogOutputStream:75 - [STDERR_REDIRECT] 
2025-04-26 04:54:01,584 [ERROR] LogOutputStream:75 - [STDERR_REDIRECT] [Fatal Error] :1:1: Premature end of file.
2025-04-26 04:54:01,584 [ERROR] LogOutputStream:75 - [STDERR_REDIRECT] 
2025-04-26 04:54:02,582 [ERROR] LogOutputStream:75 - [STDERR_REDIRECT] [Fatal Error] :1:1: Premature end of file.
2025-04-26 04:54:02,583 [ERROR] LogOutputStream:75 - [STDERR_REDIRECT] 
2025-04-26 04:54:03,584 [ERROR] LogOutputStream:75 - [STDERR_REDIRECT] [Fatal Error] :1:1: Premature end of file.
2025-04-26 04:54:03,585 [ERROR] LogOutputStream:75 - [STDERR_REDIRECT] 
2025-04-26 04:54:04,586 [ERROR] LogOutputStream:75 - [STDERR_REDIRECT] [Fatal Error] :1:1: Premature end of file.
2025-04-26 04:54:04,586 [ERROR] LogOutputStream:75 - [STDERR_REDIRECT] 
2025-04-26 04:54:05,585 [ERROR] LogOutputStream:75 - [STDERR_REDIRECT] [Fatal Error] :1:1: Premature end of file.
2025-04-26 04:54:05,585 [ERROR] LogOutputStream:75 - [STDERR_REDIRECT] 
2025-04-26 04:54:06,584 [ERROR] LogOutputStream:75 - [STDERR_REDIRECT] [Fatal Error] :1:1: Premature end of file.
2025-04-26 04:54:06,585 [ERROR] LogOutputStream:75 - [STDERR_REDIRECT] 
2025-04-26 04:54:07,583 [ERROR] LogOutputStream:75 - [STDERR_REDIRECT] [Fatal Error] :1:1: Premature end of file.
2025-04-26 04:54:07,584 [ERROR] LogOutputStream:75 - [STDERR_REDIRECT] 
2025-04-26 04:54:08,588 [ERROR] LogOutputStream:75 - [STDERR_REDIRECT] [Fatal Error] :1:1: Premature end of file.
2025-04-26 04:54:08,588 [ERROR] LogOutputStream:75 - [STDERR_REDIRECT] 
2025-04-26 04:54:09,584 [ERROR] LogOutputStream:75 - [STDERR_REDIRECT] [Fatal Error] :1:1: Premature end of file.
2025-04-26 04:54:09,584 [ERROR] LogOutputStream:75 - [STDERR_REDIRECT] 
2025-04-26 04:54:10,587 [ERROR] LogOutputStream:75 - [STDERR_REDIRECT] [Fatal Error] :1:1: Premature end of file.
2025-04-26 04:54:10,588 [ERROR] LogOutputStream:75 - [STDERR_REDIRECT] 
2025-04-26 04:54:11,586 [ERROR] LogOutputStream:75 - [STDERR_REDIRECT] [Fatal Error] :1:1: Premature end of file.
2025-04-26 04:54:11,586 [ERROR] LogOutputStream:75 - [STDERR_REDIRECT] 
2025-04-26 04:54:12,585 [ERROR] LogOutputStream:75 - [STDERR_REDIRECT] [Fatal Error] :1:1: Premature end of file.
2025-04-26 04:54:12,585 [ERROR] LogOutputStream:75 - [STDERR_REDIRECT] 
2025-04-26 04:54:13,584 [ERROR] LogOutputStream:75 - [STDERR_REDIRECT] [Fatal Error] :1:1: Premature end of file.
2025-04-26 04:54:13,584 [ERROR] LogOutputStream:75 - [STDERR_REDIRECT] 
2025-04-26 04:54:14,584 [ERROR] LogOutputStream:75 - [STDERR_REDIRECT] [Fatal Error] :1:1: Premature end of file.
2025-04-26 04:54:14,584 [ERROR] LogOutputStream:75 - [STDERR_REDIRECT] 
2025-04-26 04:54:15,590 [ERROR] LogOutputStream:75 - [STDERR_REDIRECT] [Fatal Error] :1:1: Premature end of file.
2025-04-26 04:54:15,591 [ERROR] LogOutputStream:75 - [STDERR_REDIRECT] 
2025-04-26 04:54:16,585 [ERROR] LogOutputStream:75 - [STDERR_REDIRECT] [Fatal Error] :1:1: Premature end of file.
2025-04-26 04:54:16,585 [ERROR] LogOutputStream:75 - [STDERR_REDIRECT] 
2025-04-26 04:54:17,586 [ERROR] LogOutputStream:75 - [STDERR_REDIRECT] [Fatal Error] :1:1: Premature end of file.
2025-04-26 04:54:17,587 [ERROR] LogOutputStream:75 - [STDERR_REDIRECT] 
2025-04-26 04:54:18,582 [ERROR] LogOutputStream:75 - [STDERR_REDIRECT] [Fatal Error] :1:1: Premature end of file.
2025-04-26 04:54:18,582 [ERROR] LogOutputStream:75 - [STDERR_REDIRECT] 
2025-04-26 04:54:19,595 [ERROR] LogOutputStream:75 - [STDERR_REDIRECT] [Fatal Error] :1:1: Premature end of file.
2025-04-26 04:54:19,596 [ERROR] LogOutputStream:75 - [STDERR_REDIRECT] 
2025-04-26 04:54:20,585 [ERROR] LogOutputStream:75 - [STDERR_REDIRECT] [Fatal Error] :1:1: Premature end of file.
2025-04-26 04:54:20,585 [ERROR] LogOutputStream:75 - [STDERR_REDIRECT] 
2025-04-26 04:54:21,582 [ERROR] LogOutputStream:75 - [STDERR_REDIRECT] [Fatal Error] :1:1: Premature end of file.
2025-04-26 04:54:21,582 [ERROR] LogOutputStream:75 - [STDERR_REDIRECT] 
2025-04-26 04:54:22,586 [ERROR] LogOutputStream:75 - [STDERR_REDIRECT] [Fatal Error] :1:1: Premature end of file.
2025-04-26 04:54:22,586 [ERROR] LogOutputStream:75 - [STDERR_REDIRECT] 
2025-04-26 04:54:23,586 [ERROR] LogOutputStream:75 - [STDERR_REDIRECT] [Fatal Error] :1:1: Premature end of file.
2025-04-26 04:54:23,586 [ERROR] LogOutputStream:75 - [STDERR_REDIRECT] 
2025-04-26 04:54:24,584 [ERROR] LogOutputStream:75 - [STDERR_REDIRECT] [Fatal Error] :1:1: Premature end of file.
2025-04-26 04:54:24,585 [ERROR] LogOutputStream:75 - [STDERR_REDIRECT] 
2025-04-26 04:54:25,583 [ERROR] LogOutputStream:75 - [STDERR_REDIRECT] [Fatal Error] :1:1: Premature end of file.
2025-04-26 04:54:25,583 [ERROR] LogOutputStream:75 - [STDERR_REDIRECT] 
2025-04-26 04:54:26,582 [ERROR] LogOutputStream:75 - [STDERR_REDIRECT] [Fatal Error] :1:1: Premature end of file.
2025-04-26 04:54:26,582 [ERROR] LogOutputStream:75 - [STDERR_REDIRECT] 
2025-04-26 04:54:27,584 [ERROR] LogOutputStream:75 - [STDERR_REDIRECT] [Fatal Error] :1:1: Premature end of file.
2025-04-26 04:54:27,584 [ERROR] LogOutputStream:75 - [STDERR_REDIRECT] 
2025-04-26 04:54:28,582 [ERROR] LogOutputStream:75 - [STDERR_REDIRECT] [Fatal Error] :1:1: Premature end of file.
2025-04-26 04:54:28,582 [ERROR] LogOutputStream:75 - [STDERR_REDIRECT] 
2025-04-26 04:54:29,577 [ERROR] LogOutputStream:75 - [STDERR_REDIRECT] [Fatal Error] :1:1: Premature end of file.
2025-04-26 04:54:29,579 [ERROR] LogOutputStream:75 - [STDERR_REDIRECT] 
2025-04-26 04:54:30,586 [ERROR] LogOutputStream:75 - [STDERR_REDIRECT] [Fatal Error] :1:1: Premature end of file.
2025-04-26 04:54:30,586 [ERROR] LogOutputStream:75 - [STDERR_REDIRECT] 
2025-04-26 04:54:31,583 [ERROR] LogOutputStream:75 - [STDERR_REDIRECT] [Fatal Error] :1:1: Premature end of file.
2025-04-26 04:54:31,583 [ERROR] LogOutputStream:75 - [STDERR_REDIRECT] 
2025-04-26 04:54:32,583 [ERROR] LogOutputStream:75 - [STDERR_REDIRECT] [Fatal Error] :1:1: Premature end of file.
2025-04-26 04:54:32,583 [ERROR] LogOutputStream:75 - [STDERR_REDIRECT] 
2025-04-26 04:54:33,585 [ERROR] LogOutputStream:75 - [STDERR_REDIRECT] [Fatal Error] :1:1: Premature end of file.
2025-04-26 04:54:33,586 [ERROR] LogOutputStream:75 - [STDERR_REDIRECT] 
2025-04-26 04:54:34,588 [ERROR] LogOutputStream:75 - [STDERR_REDIRECT] [Fatal Error] :1:1: Premature end of file.
2025-04-26 04:54:34,588 [ERROR] LogOutputStream:75 - [STDERR_REDIRECT] 
2025-04-26 04:54:35,584 [ERROR] LogOutputStream:75 - [STDERR_REDIRECT] [Fatal Error] :1:1: Premature end of file.
2025-04-26 04:54:35,584 [ERROR] LogOutputStream:75 - [STDERR_REDIRECT] 
2025-04-26 04:54:36,582 [ERROR] LogOutputStream:75 - [STDERR_REDIRECT] [Fatal Error] :1:1: Premature end of file.
2025-04-26 04:54:36,582 [ERROR] LogOutputStream:75 - [STDERR_REDIRECT] 
2025-04-26 04:54:37,584 [ERROR] LogOutputStream:75 - [STDERR_REDIRECT] [Fatal Error] :1:1: Premature end of file.
2025-04-26 04:54:37,584 [ERROR] LogOutputStream:75 - [STDERR_REDIRECT] 
2025-04-26 04:54:38,592 [ERROR] LogOutputStream:75 - [STDERR_REDIRECT] [Fatal Error] :1:1: Premature end of file.
2025-04-26 04:54:38,592 [ERROR] LogOutputStream:75 - [STDERR_REDIRECT] 
2025-04-26 04:54:39,585 [ERROR] LogOutputStream:75 - [STDERR_REDIRECT] [Fatal Error] :1:1: Premature end of file.
2025-04-26 04:54:39,586 [ERROR] LogOutputStream:75 - [STDERR_REDIRECT] 
2025-04-26 04:54:40,585 [ERROR] LogOutputStream:75 - [STDERR_REDIRECT] [Fatal Error] :1:1: Premature end of file.
2025-04-26 04:54:40,585 [ERROR] LogOutputStream:75 - [STDERR_REDIRECT] 
2025-04-26 04:54:41,584 [ERROR] LogOutputStream:75 - [STDERR_REDIRECT] [Fatal Error] :1:1: Premature end of file.
2025-04-26 04:54:41,585 [ERROR] LogOutputStream:75 - [STDERR_REDIRECT] 
2025-04-26 04:54:42,585 [ERROR] LogOutputStream:75 - [STDERR_REDIRECT] [Fatal Error] :1:1: Premature end of file.
2025-04-26 04:54:42,585 [ERROR] LogOutputStream:75 - [STDERR_REDIRECT] 
2025-04-26 04:54:43,580 [ERROR] LogOutputStream:75 - [STDERR_REDIRECT] [Fatal Error] :1:1: Premature end of file.
2025-04-26 04:54:43,580 [ERROR] LogOutputStream:75 - [STDERR_REDIRECT] 
2025-04-26 04:54:44,581 [ERROR] LogOutputStream:75 - [STDERR_REDIRECT] [Fatal Error] :1:1: Premature end of file.
2025-04-26 04:54:44,581 [ERROR] LogOutputStream:75 - [STDERR_REDIRECT] 
2025-04-26 04:54:45,584 [ERROR] LogOutputStream:75 - [STDERR_REDIRECT] [Fatal Error] :1:1: Premature end of file.
2025-04-26 04:54:45,584 [ERROR] LogOutputStream:75 - [STDERR_REDIRECT] 
2025-04-26 04:54:46,584 [ERROR] LogOutputStream:75 - [STDERR_REDIRECT] [Fatal Error] :1:1: Premature end of file.
2025-04-26 04:54:46,584 [ERROR] LogOutputStream:75 - [STDERR_REDIRECT] 
2025-04-26 04:54:47,584 [ERROR] LogOutputStream:75 - [STDERR_REDIRECT] [Fatal Error] :1:1: Premature end of file.
2025-04-26 04:54:47,584 [ERROR] LogOutputStream:75 - [STDERR_REDIRECT] 
2025-04-26 04:54:48,582 [ERROR] LogOutputStream:75 - [STDERR_REDIRECT] [Fatal Error] :1:1: Premature end of file.
2025-04-26 04:54:48,583 [ERROR] LogOutputStream:75 - [STDERR_REDIRECT] 
2025-04-26 04:54:49,579 [ERROR] LogOutputStream:75 - [STDERR_REDIRECT] [Fatal Error] :1:1: Premature end of file.
2025-04-26 04:54:49,580 [ERROR] LogOutputStream:75 - [STDERR_REDIRECT] 
2025-04-26 04:54:50,584 [ERROR] LogOutputStream:75 - [STDERR_REDIRECT] [Fatal Error] :1:1: Premature end of file.
2025-04-26 04:54:50,584 [ERROR] LogOutputStream:75 - [STDERR_REDIRECT] 
2025-04-26 04:54:51,578 [ERROR] LogOutputStream:75 - [STDERR_REDIRECT] [Fatal Error] :1:1: Premature end of file.
2025-04-26 04:54:51,579 [ERROR] LogOutputStream:75 - [STDERR_REDIRECT] 
2025-04-26 04:54:52,583 [ERROR] LogOutputStream:75 - [STDERR_REDIRECT] [Fatal Error] :1:1: Premature end of file.
2025-04-26 04:54:52,583 [ERROR] LogOutputStream:75 - [STDERR_REDIRECT] 
2025-04-26 04:54:53,585 [ERROR] LogOutputStream:75 - [STDERR_REDIRECT] [Fatal Error] :1:1: Premature end of file.
2025-04-26 04:54:53,585 [ERROR] LogOutputStream:75 - [STDERR_REDIRECT] 
2025-04-26 04:54:54,585 [ERROR] LogOutputStream:75 - [STDERR_REDIRECT] [Fatal Error] :1:1: Premature end of file.
2025-04-26 04:54:54,585 [ERROR] LogOutputStream:75 - [STDERR_REDIRECT] 
2025-04-26 04:54:55,582 [ERROR] LogOutputStream:75 - [STDERR_REDIRECT] [Fatal Error] :1:1: Premature end of file.
2025-04-26 04:54:55,582 [ERROR] LogOutputStream:75 - [STDERR_REDIRECT] 
2025-04-26 04:54:56,580 [ERROR] LogOutputStream:75 - [STDERR_REDIRECT] [Fatal Error] :1:1: Premature end of file.
2025-04-26 04:54:56,580 [ERROR] LogOutputStream:75 - [STDERR_REDIRECT] 
2025-04-26 04:54:57,584 [ERROR] LogOutputStream:75 - [STDERR_REDIRECT] [Fatal Error] :1:1: Premature end of file.
2025-04-26 04:54:57,585 [ERROR] LogOutputStream:75 - [STDERR_REDIRECT] 
2025-04-26 04:54:58,581 [ERROR] LogOutputStream:75 - [STDERR_REDIRECT] [Fatal Error] :1:1: Premature end of file.
2025-04-26 04:54:58,581 [ERROR] LogOutputStream:75 - [STDERR_REDIRECT] 
2025-04-26 04:54:59,589 [ERROR] LogOutputStream:75 - [STDERR_REDIRECT] [Fatal Error] :1:1: Premature end of file.
2025-04-26 04:54:59,589 [ERROR] LogOutputStream:75 - [STDERR_REDIRECT] 
2025-04-26 04:55:00,581 [ERROR] LogOutputStream:75 - [STDERR_REDIRECT] [Fatal Error] :1:1: Premature end of file.
2025-04-26 04:55:00,581 [ERROR] LogOutputStream:75 - [STDERR_REDIRECT] 
2025-04-26 04:55:01,582 [ERROR] LogOutputStream:75 - [STDERR_REDIRECT] [Fatal Error] :1:1: Premature end of file.
2025-04-26 04:55:01,582 [ERROR] LogOutputStream:75 - [STDERR_REDIRECT] 
2025-04-26 04:55:02,584 [ERROR] LogOutputStream:75 - [STDERR_REDIRECT] [Fatal Error] :1:1: Premature end of file.
2025-04-26 04:55:02,584 [ERROR] LogOutputStream:75 - [STDERR_REDIRECT] 
2025-04-26 04:55:03,586 [ERROR] LogOutputStream:75 - [STDERR_REDIRECT] [Fatal Error] :1:1: Premature end of file.
2025-04-26 04:55:03,586 [ERROR] LogOutputStream:75 - [STDERR_REDIRECT] 
2025-04-26 04:55:04,584 [ERROR] LogOutputStream:75 - [STDERR_REDIRECT] [Fatal Error] :1:1: Premature end of file.
2025-04-26 04:55:04,584 [ERROR] LogOutputStream:75 - [STDERR_REDIRECT] 
2025-04-26 04:55:05,584 [ERROR] LogOutputStream:75 - [STDERR_REDIRECT] [Fatal Error] :1:1: Premature end of file.
2025-04-26 04:55:05,584 [ERROR] LogOutputStream:75 - [STDERR_REDIRECT] 
2025-04-26 04:55:06,588 [ERROR] LogOutputStream:75 - [STDERR_REDIRECT] [Fatal Error] :1:1: Premature end of file.
2025-04-26 04:55:06,588 [ERROR] LogOutputStream:75 - [STDERR_REDIRECT] 
2025-04-26 04:55:07,581 [ERROR] LogOutputStream:75 - [STDERR_REDIRECT] [Fatal Error] :1:1: Premature end of file.
2025-04-26 04:55:07,582 [ERROR] LogOutputStream:75 - [STDERR_REDIRECT] 
2025-04-26 04:55:08,584 [ERROR] LogOutputStream:75 - [STDERR_REDIRECT] [Fatal Error] :1:1: Premature end of file.
2025-04-26 04:55:08,584 [ERROR] LogOutputStream:75 - [STDERR_REDIRECT] 
2025-04-26 04:55:09,584 [ERROR] LogOutputStream:75 - [STDERR_REDIRECT] [Fatal Error] :1:1: Premature end of file.
2025-04-26 04:55:09,584 [ERROR] LogOutputStream:75 - [STDERR_REDIRECT] 
2025-04-26 04:55:10,582 [ERROR] LogOutputStream:75 - [STDERR_REDIRECT] [Fatal Error] :1:1: Premature end of file.
2025-04-26 04:55:10,582 [ERROR] LogOutputStream:75 - [STDERR_REDIRECT] 
2025-04-26 04:55:11,581 [ERROR] LogOutputStream:75 - [STDERR_REDIRECT] [Fatal Error] :1:1: Premature end of file.
2025-04-26 04:55:11,581 [ERROR] LogOutputStream:75 - [STDERR_REDIRECT] 
2025-04-26 04:55:12,585 [ERROR] LogOutputStream:75 - [STDERR_REDIRECT] [Fatal Error] :1:1: Premature end of file.
2025-04-26 04:55:12,585 [ERROR] LogOutputStream:75 - [STDERR_REDIRECT] 
2025-04-26 04:55:13,585 [ERROR] LogOutputStream:75 - [STDERR_REDIRECT] [Fatal Error] :1:1: Premature end of file.
2025-04-26 04:55:13,585 [ERROR] LogOutputStream:75 - [STDERR_REDIRECT] 
2025-04-26 04:55:14,583 [ERROR] LogOutputStream:75 - [STDERR_REDIRECT] [Fatal Error] :1:1: Premature end of file.
2025-04-26 04:55:14,583 [ERROR] LogOutputStream:75 - [STDERR_REDIRECT] 
2025-04-26 04:55:15,585 [ERROR] LogOutputStream:75 - [STDERR_REDIRECT] [Fatal Error] :1:1: Premature end of file.
2025-04-26 04:55:15,586 [ERROR] LogOutputStream:75 - [STDERR_REDIRECT] 
2025-04-26 04:55:16,579 [ERROR] LogOutputStream:75 - [STDERR_REDIRECT] [Fatal Error] :1:1: Premature end of file.
2025-04-26 04:55:16,579 [ERROR] LogOutputStream:75 - [STDERR_REDIRECT] 
2025-04-26 04:55:17,586 [ERROR] LogOutputStream:75 - [STDERR_REDIRECT] [Fatal Error] :1:1: Premature end of file.
2025-04-26 04:55:17,586 [ERROR] LogOutputStream:75 - [STDERR_REDIRECT] 
2025-04-26 04:55:18,578 [ERROR] LogOutputStream:75 - [STDERR_REDIRECT] [Fatal Error] :1:1: Premature end of file.
2025-04-26 04:55:18,579 [ERROR] LogOutputStream:75 - [STDERR_REDIRECT] 
2025-04-26 04:55:19,575 [ERROR] LogOutputStream:75 - [STDERR_REDIRECT] [Fatal Error] :1:1: Premature end of file.
2025-04-26 04:55:19,575 [ERROR] LogOutputStream:75 - [STDERR_REDIRECT] 
2025-04-26 04:55:19,822 [INFO] McuFinderGlobals:63 - Set McuFinder mode to 2 (CubeIDE integrated)
2025-04-26 04:55:19,822 [INFO] UserAuth:484 - Internet connection configuration mode: 1
2025-04-26 04:55:20,580 [ERROR] LogOutputStream:75 - [STDERR_REDIRECT] [Fatal Error] :1:1: Premature end of file.
2025-04-26 04:55:20,580 [ERROR] LogOutputStream:75 - [STDERR_REDIRECT] 
2025-04-26 04:55:21,584 [ERROR] LogOutputStream:75 - [STDERR_REDIRECT] [Fatal Error] :1:1: Premature end of file.
2025-04-26 04:55:21,584 [ERROR] LogOutputStream:75 - [STDERR_REDIRECT] 
2025-04-26 04:55:22,581 [ERROR] LogOutputStream:75 - [STDERR_REDIRECT] [Fatal Error] :1:1: Premature end of file.
2025-04-26 04:55:22,581 [ERROR] LogOutputStream:75 - [STDERR_REDIRECT] 
2025-04-26 04:55:23,581 [ERROR] LogOutputStream:75 - [STDERR_REDIRECT] [Fatal Error] :1:1: Premature end of file.
2025-04-26 04:55:23,581 [ERROR] LogOutputStream:75 - [STDERR_REDIRECT] 
2025-04-26 04:55:24,582 [ERROR] LogOutputStream:75 - [STDERR_REDIRECT] [Fatal Error] :1:1: Premature end of file.
2025-04-26 04:55:24,582 [ERROR] LogOutputStream:75 - [STDERR_REDIRECT] 
2025-04-26 04:55:25,583 [ERROR] LogOutputStream:75 - [STDERR_REDIRECT] [Fatal Error] :1:1: Premature end of file.
2025-04-26 04:55:25,583 [ERROR] LogOutputStream:75 - [STDERR_REDIRECT] 
2025-04-26 04:55:26,579 [ERROR] LogOutputStream:75 - [STDERR_REDIRECT] [Fatal Error] :1:1: Premature end of file.
2025-04-26 04:55:26,579 [ERROR] LogOutputStream:75 - [STDERR_REDIRECT] 
2025-04-26 04:55:27,584 [ERROR] LogOutputStream:75 - [STDERR_REDIRECT] [Fatal Error] :1:1: Premature end of file.
2025-04-26 04:55:27,584 [ERROR] LogOutputStream:75 - [STDERR_REDIRECT] 
2025-04-26 04:55:28,584 [ERROR] LogOutputStream:75 - [STDERR_REDIRECT] [Fatal Error] :1:1: Premature end of file.
2025-04-26 04:55:28,584 [ERROR] LogOutputStream:75 - [STDERR_REDIRECT] 
2025-04-26 04:55:29,584 [ERROR] LogOutputStream:75 - [STDERR_REDIRECT] [Fatal Error] :1:1: Premature end of file.
2025-04-26 04:55:29,584 [ERROR] LogOutputStream:75 - [STDERR_REDIRECT] 
2025-04-26 04:55:30,583 [ERROR] LogOutputStream:75 - [STDERR_REDIRECT] [Fatal Error] :1:1: Premature end of file.
2025-04-26 04:55:30,584 [ERROR] LogOutputStream:75 - [STDERR_REDIRECT] 
2025-04-26 04:55:31,585 [ERROR] LogOutputStream:75 - [STDERR_REDIRECT] [Fatal Error] :1:1: Premature end of file.
2025-04-26 04:55:31,585 [ERROR] LogOutputStream:75 - [STDERR_REDIRECT] 
2025-04-26 04:55:32,586 [ERROR] LogOutputStream:75 - [STDERR_REDIRECT] [Fatal Error] :1:1: Premature end of file.
2025-04-26 04:55:32,586 [ERROR] LogOutputStream:75 - [STDERR_REDIRECT] 
2025-04-26 04:55:33,579 [ERROR] LogOutputStream:75 - [STDERR_REDIRECT] [Fatal Error] :1:1: Premature end of file.
2025-04-26 04:55:33,580 [ERROR] LogOutputStream:75 - [STDERR_REDIRECT] 
2025-04-26 04:55:34,589 [ERROR] LogOutputStream:75 - [STDERR_REDIRECT] [Fatal Error] :1:1: Premature end of file.
2025-04-26 04:55:34,590 [ERROR] LogOutputStream:75 - [STDERR_REDIRECT] 
2025-04-26 04:55:35,584 [ERROR] LogOutputStream:75 - [STDERR_REDIRECT] [Fatal Error] :1:1: Premature end of file.
2025-04-26 04:55:35,584 [ERROR] LogOutputStream:75 - [STDERR_REDIRECT] 
2025-04-26 04:55:36,581 [ERROR] LogOutputStream:75 - [STDERR_REDIRECT] [Fatal Error] :1:1: Premature end of file.
2025-04-26 04:55:36,581 [ERROR] LogOutputStream:75 - [STDERR_REDIRECT] 
2025-04-26 04:55:37,585 [ERROR] LogOutputStream:75 - [STDERR_REDIRECT] [Fatal Error] :1:1: Premature end of file.
2025-04-26 04:55:37,585 [ERROR] LogOutputStream:75 - [STDERR_REDIRECT] 
2025-04-26 04:55:38,585 [ERROR] LogOutputStream:75 - [STDERR_REDIRECT] [Fatal Error] :1:1: Premature end of file.
2025-04-26 04:55:38,585 [ERROR] LogOutputStream:75 - [STDERR_REDIRECT] 
2025-04-26 04:55:39,583 [ERROR] LogOutputStream:75 - [STDERR_REDIRECT] [Fatal Error] :1:1: Premature end of file.
2025-04-26 04:55:39,583 [ERROR] LogOutputStream:75 - [STDERR_REDIRECT] 
2025-04-26 04:55:40,582 [ERROR] LogOutputStream:75 - [STDERR_REDIRECT] [Fatal Error] :1:1: Premature end of file.
2025-04-26 04:55:40,583 [ERROR] LogOutputStream:75 - [STDERR_REDIRECT] 
2025-04-26 04:55:41,583 [ERROR] LogOutputStream:75 - [STDERR_REDIRECT] [Fatal Error] :1:1: Premature end of file.
2025-04-26 04:55:41,583 [ERROR] LogOutputStream:75 - [STDERR_REDIRECT] 
2025-04-26 04:55:42,585 [ERROR] LogOutputStream:75 - [STDERR_REDIRECT] [Fatal Error] :1:1: Premature end of file.
2025-04-26 04:55:42,585 [ERROR] LogOutputStream:75 - [STDERR_REDIRECT] 
2025-04-26 04:55:43,581 [ERROR] LogOutputStream:75 - [STDERR_REDIRECT] [Fatal Error] :1:1: Premature end of file.
2025-04-26 04:55:43,581 [ERROR] LogOutputStream:75 - [STDERR_REDIRECT] 
2025-04-26 04:55:44,578 [ERROR] LogOutputStream:75 - [STDERR_REDIRECT] [Fatal Error] :1:1: Premature end of file.
2025-04-26 04:55:44,578 [ERROR] LogOutputStream:75 - [STDERR_REDIRECT] 
2025-04-26 04:55:45,585 [ERROR] LogOutputStream:75 - [STDERR_REDIRECT] [Fatal Error] :1:1: Premature end of file.
2025-04-26 04:55:45,585 [ERROR] LogOutputStream:75 - [STDERR_REDIRECT] 
2025-04-26 04:55:46,580 [ERROR] LogOutputStream:75 - [STDERR_REDIRECT] [Fatal Error] :1:1: Premature end of file.
2025-04-26 04:55:46,580 [ERROR] LogOutputStream:75 - [STDERR_REDIRECT] 
2025-04-26 04:55:47,578 [ERROR] LogOutputStream:75 - [STDERR_REDIRECT] [Fatal Error] :1:1: Premature end of file.
2025-04-26 04:55:47,578 [ERROR] LogOutputStream:75 - [STDERR_REDIRECT] 
2025-04-26 04:55:48,577 [ERROR] LogOutputStream:75 - [STDERR_REDIRECT] [Fatal Error] :1:1: Premature end of file.
2025-04-26 04:55:48,577 [ERROR] LogOutputStream:75 - [STDERR_REDIRECT] 
2025-04-26 04:55:49,584 [ERROR] LogOutputStream:75 - [STDERR_REDIRECT] [Fatal Error] :1:1: Premature end of file.
2025-04-26 04:55:49,584 [ERROR] LogOutputStream:75 - [STDERR_REDIRECT] 
2025-04-26 04:55:50,585 [ERROR] LogOutputStream:75 - [STDERR_REDIRECT] [Fatal Error] :1:1: Premature end of file.
2025-04-26 04:55:50,585 [ERROR] LogOutputStream:75 - [STDERR_REDIRECT] 
2025-04-26 04:55:51,578 [ERROR] LogOutputStream:75 - [STDERR_REDIRECT] [Fatal Error] :1:1: Premature end of file.
2025-04-26 04:55:51,579 [ERROR] LogOutputStream:75 - [STDERR_REDIRECT] 
2025-04-26 04:55:52,581 [ERROR] LogOutputStream:75 - [STDERR_REDIRECT] [Fatal Error] :1:1: Premature end of file.
2025-04-26 04:55:52,581 [ERROR] LogOutputStream:75 - [STDERR_REDIRECT] 
2025-04-26 04:55:53,582 [ERROR] LogOutputStream:75 - [STDERR_REDIRECT] [Fatal Error] :1:1: Premature end of file.
2025-04-26 04:55:53,582 [ERROR] LogOutputStream:75 - [STDERR_REDIRECT] 
2025-04-26 04:55:54,579 [ERROR] LogOutputStream:75 - [STDERR_REDIRECT] [Fatal Error] :1:1: Premature end of file.
2025-04-26 04:55:54,579 [ERROR] LogOutputStream:75 - [STDERR_REDIRECT] 
2025-04-26 04:55:55,579 [ERROR] LogOutputStream:75 - [STDERR_REDIRECT] [Fatal Error] :1:1: Premature end of file.
2025-04-26 04:55:55,580 [ERROR] LogOutputStream:75 - [STDERR_REDIRECT] 
2025-04-26 04:55:56,585 [ERROR] LogOutputStream:75 - [STDERR_REDIRECT] [Fatal Error] :1:1: Premature end of file.
2025-04-26 04:55:56,585 [ERROR] LogOutputStream:75 - [STDERR_REDIRECT] 
2025-04-26 04:55:57,585 [ERROR] LogOutputStream:75 - [STDERR_REDIRECT] [Fatal Error] :1:1: Premature end of file.
2025-04-26 04:55:57,585 [ERROR] LogOutputStream:75 - [STDERR_REDIRECT] 
2025-04-26 04:55:58,586 [ERROR] LogOutputStream:75 - [STDERR_REDIRECT] [Fatal Error] :1:1: Premature end of file.
2025-04-26 04:55:58,587 [ERROR] LogOutputStream:75 - [STDERR_REDIRECT] 
2025-04-26 04:55:59,583 [ERROR] LogOutputStream:75 - [STDERR_REDIRECT] [Fatal Error] :1:1: Premature end of file.
2025-04-26 04:55:59,583 [ERROR] LogOutputStream:75 - [STDERR_REDIRECT] 
2025-04-26 04:56:00,583 [ERROR] LogOutputStream:75 - [STDERR_REDIRECT] [Fatal Error] :1:1: Premature end of file.
2025-04-26 04:56:00,583 [ERROR] LogOutputStream:75 - [STDERR_REDIRECT] 
2025-04-26 04:56:01,578 [ERROR] LogOutputStream:75 - [STDERR_REDIRECT] [Fatal Error] :1:1: Premature end of file.
2025-04-26 04:56:01,578 [ERROR] LogOutputStream:75 - [STDERR_REDIRECT] 
2025-04-26 04:56:02,582 [ERROR] LogOutputStream:75 - [STDERR_REDIRECT] [Fatal Error] :1:1: Premature end of file.
2025-04-26 04:56:02,583 [ERROR] LogOutputStream:75 - [STDERR_REDIRECT] 
2025-04-26 04:56:03,582 [ERROR] LogOutputStream:75 - [STDERR_REDIRECT] [Fatal Error] :1:1: Premature end of file.
2025-04-26 04:56:03,582 [ERROR] LogOutputStream:75 - [STDERR_REDIRECT] 
2025-04-26 04:56:04,582 [ERROR] LogOutputStream:75 - [STDERR_REDIRECT] [Fatal Error] :1:1: Premature end of file.
2025-04-26 04:56:04,582 [ERROR] LogOutputStream:75 - [STDERR_REDIRECT] 
2025-04-26 04:56:05,582 [ERROR] LogOutputStream:75 - [STDERR_REDIRECT] [Fatal Error] :1:1: Premature end of file.
2025-04-26 04:56:05,582 [ERROR] LogOutputStream:75 - [STDERR_REDIRECT] 
2025-04-26 04:56:06,583 [ERROR] LogOutputStream:75 - [STDERR_REDIRECT] [Fatal Error] :1:1: Premature end of file.
2025-04-26 04:56:06,584 [ERROR] LogOutputStream:75 - [STDERR_REDIRECT] 
2025-04-26 04:56:07,588 [ERROR] LogOutputStream:75 - [STDERR_REDIRECT] [Fatal Error] :1:1: Premature end of file.
2025-04-26 04:56:07,588 [ERROR] LogOutputStream:75 - [STDERR_REDIRECT] 
2025-04-26 04:56:08,578 [ERROR] LogOutputStream:75 - [STDERR_REDIRECT] [Fatal Error] :1:1: Premature end of file.
2025-04-26 04:56:08,578 [ERROR] LogOutputStream:75 - [STDERR_REDIRECT] 
2025-04-26 04:56:09,580 [ERROR] LogOutputStream:75 - [STDERR_REDIRECT] [Fatal Error] :1:1: Premature end of file.
2025-04-26 04:56:09,580 [ERROR] LogOutputStream:75 - [STDERR_REDIRECT] 
2025-04-26 04:56:10,581 [ERROR] LogOutputStream:75 - [STDERR_REDIRECT] [Fatal Error] :1:1: Premature end of file.
2025-04-26 04:56:10,581 [ERROR] LogOutputStream:75 - [STDERR_REDIRECT] 
2025-04-26 04:56:11,588 [ERROR] LogOutputStream:75 - [STDERR_REDIRECT] [Fatal Error] :1:1: Premature end of file.
2025-04-26 04:56:11,588 [ERROR] LogOutputStream:75 - [STDERR_REDIRECT] 
2025-04-26 04:56:12,579 [ERROR] LogOutputStream:75 - [STDERR_REDIRECT] [Fatal Error] :1:1: Premature end of file.
2025-04-26 04:56:12,579 [ERROR] LogOutputStream:75 - [STDERR_REDIRECT] 
2025-04-26 04:56:13,579 [ERROR] LogOutputStream:75 - [STDERR_REDIRECT] [Fatal Error] :1:1: Premature end of file.
2025-04-26 04:56:13,579 [ERROR] LogOutputStream:75 - [STDERR_REDIRECT] 
2025-04-26 04:56:14,580 [ERROR] LogOutputStream:75 - [STDERR_REDIRECT] [Fatal Error] :1:1: Premature end of file.
2025-04-26 04:56:14,580 [ERROR] LogOutputStream:75 - [STDERR_REDIRECT] 
2025-04-26 04:56:15,581 [ERROR] LogOutputStream:75 - [STDERR_REDIRECT] [Fatal Error] :1:1: Premature end of file.
2025-04-26 04:56:15,581 [ERROR] LogOutputStream:75 - [STDERR_REDIRECT] 
2025-04-26 04:56:16,589 [ERROR] LogOutputStream:75 - [STDERR_REDIRECT] [Fatal Error] :1:1: Premature end of file.
2025-04-26 04:56:16,590 [ERROR] LogOutputStream:75 - [STDERR_REDIRECT] 
2025-04-26 04:56:17,582 [ERROR] LogOutputStream:75 - [STDERR_REDIRECT] [Fatal Error] :1:1: Premature end of file.
2025-04-26 04:56:17,583 [ERROR] LogOutputStream:75 - [STDERR_REDIRECT] 
2025-04-26 04:56:18,588 [ERROR] LogOutputStream:75 - [STDERR_REDIRECT] [Fatal Error] :1:1: Premature end of file.
2025-04-26 04:56:18,588 [ERROR] LogOutputStream:75 - [STDERR_REDIRECT] 
2025-04-26 04:56:19,232 [ERROR] LogOutputStream:75 - [STDERR_REDIRECT] 
2025-04-26 04:56:19,233 [ERROR] LogOutputStream:75 - [STDERR_REDIRECT] 
